#
# There is insufficient memory for the Java Runtime Environment to continue.
# Native memory allocation (malloc) failed to allocate 1315696 bytes for Chunk::new
# Possible reasons:
#   The system is out of physical RAM or swap space
#   In 32 bit mode, the process size limit was hit
# Possible solutions:
#   Reduce memory load on the system
#   Increase physical memory or swap space
#   Check if swap backing store is full
#   Use 64 bit Java on a 64 bit OS
#   Decrease Java heap size (-Xmx/-Xms)
#   Decrease number of Java threads
#   Decrease Java thread stack sizes (-Xss)
#   Set larger code cache with -XX:ReservedCodeCacheSize=
# This output file may be truncated or incomplete.
#
#  Out of Memory Error (allocation.cpp:390), pid=76012, tid=76184
#
# JRE version: Java(TM) SE Runtime Environment (8.0_66-b18) (build 1.8.0_66-b18)
# Java VM: Java HotSpot(TM) 64-Bit Server VM (25.66-b18 mixed mode windows-amd64 compressed oops)
# Failed to write core dump. Minidumps are not enabled by default on client versions of Windows
#

---------------  T H R E A D  ---------------

Current thread (0x000000001e8f4000):  JavaThread "C2 CompilerThread2" daemon [_thread_in_native, id=76184, stack(0x000000001f070000,0x000000001f170000)]

Stack: [0x000000001f070000,0x000000001f170000]
[error occurred during error reporting (printing stack bounds), id 0xc0000005]

Native frames: (J=compiled Java code, j=interpreted, Vv=VM code, C=native code)


Current CompileTask:
C2:   3265 1481       4       com.android.dx.rop.code.Rops::ropFor (771 bytes)


---------------  P R O C E S S  ---------------

Java Threads: ( => current thread )
  0x000000001ec44000 JavaThread "pool-2-thread-4" [_thread_blocked, id=75900, stack(0x0000000020070000,0x0000000020170000)]
  0x000000001ec43800 JavaThread "pool-2-thread-3" [_thread_blocked, id=76568, stack(0x000000001ff70000,0x0000000020070000)]
  0x000000001ec40800 JavaThread "pool-2-thread-2" [_thread_in_Java, id=76664, stack(0x000000001fe70000,0x000000001ff70000)]
  0x000000001ec3a000 JavaThread "pool-3-thread-1" [_thread_blocked, id=76404, stack(0x000000001fd70000,0x000000001fe70000)]
  0x000000001ec39800 JavaThread "pool-2-thread-1" [_thread_in_Java, id=76400, stack(0x000000001fc70000,0x000000001fd70000)]
  0x000000001e903800 JavaThread "Service Thread" daemon [_thread_blocked, id=76224, stack(0x000000001f270000,0x000000001f370000)]
  0x000000001e8fb800 JavaThread "C1 CompilerThread3" daemon [_thread_blocked, id=67240, stack(0x000000001f170000,0x000000001f270000)]
=>0x000000001e8f4000 JavaThread "C2 CompilerThread2" daemon [_thread_in_native, id=76184, stack(0x000000001f070000,0x000000001f170000)]
  0x000000001e89c000 JavaThread "C2 CompilerThread1" daemon [_thread_in_native, id=76428, stack(0x000000001ef70000,0x000000001f070000)]
  0x000000001e899000 JavaThread "C2 CompilerThread0" daemon [_thread_in_native, id=76376, stack(0x000000001ee70000,0x000000001ef70000)]
  0x000000001e896800 JavaThread "Attach Listener" daemon [_thread_blocked, id=76024, stack(0x000000001ed70000,0x000000001ee70000)]
  0x000000001e895800 JavaThread "Signal Dispatcher" daemon [_thread_blocked, id=76016, stack(0x000000001ec70000,0x000000001ed70000)]
  0x0000000002ca3000 JavaThread "Finalizer" daemon [_thread_blocked, id=76564, stack(0x000000001e690000,0x000000001e790000)]
  0x0000000002ca2000 JavaThread "Reference Handler" daemon [_thread_blocked, id=76560, stack(0x000000001e590000,0x000000001e690000)]
  0x0000000002bb1000 JavaThread "main" [_thread_blocked, id=73924, stack(0x00000000029d0000,0x0000000002ad0000)]

Other Threads:
  0x000000001c7c9000 VMThread [stack: 0x000000001e490000,0x000000001e590000] [id=76740]
  0x000000001e90d000 WatcherThread [stack: 0x000000001f370000,0x000000001f470000] [id=76236]

VM state:not at safepoint (normal execution)

VM Mutex/Monitor currently owned by a thread: None

Heap:
 PSYoungGen      total 76288K, used 28244K [0x000000076ab00000, 0x0000000770000000, 0x00000007c0000000)
  eden space 65536K, 26% used [0x000000076ab00000,0x000000076bc40c58,0x000000076eb00000)
  from space 10752K, 98% used [0x000000076eb00000,0x000000076f5543a8,0x000000076f580000)
  to   space 10752K, 0% used [0x000000076f580000,0x000000076f580000,0x0000000770000000)
 ParOldGen       total 175104K, used 16K [0x00000006c0000000, 0x00000006cab00000, 0x000000076ab00000)
  object space 175104K, 0% used [0x00000006c0000000,0x00000006c0004000,0x00000006cab00000)
 Metaspace       used 6210K, capacity 7092K, committed 7296K, reserved 1056768K
  class space    used 603K, capacity 620K, committed 640K, reserved 1048576K

Card table byte_map: [0x0000000012070000,0x0000000012880000] byte_map_base: 0x000000000ea70000

Marking Bits: (ParMarkBitMap*) 0x0000000077cfa5b0
 Begin Bits: [0x00000000135e0000, 0x00000000175e0000)
 End Bits:   [0x00000000175e0000, 0x000000001b5e0000)

Polling page: 0x00000000011d0000

CodeCache: size=245760Kb used=6189Kb max_used=6189Kb free=239571Kb
 bounds [0x0000000002cb0000, 0x00000000032c0000, 0x0000000011cb0000]
 total_blobs=1803 nmethods=1536 adapters=181
 compilation: enabled

Compilation events (10 events):
Event: 3.234 Thread 0x000000001e8fb800 1558       3       com.android.dx.rop.code.Rops::pickIf (154 bytes)
Event: 3.236 Thread 0x000000001e8fb800 nmethod 1558 0x00000000032b0bd0 code [0x00000000032b0e60, 0x00000000032b1fd8]
Event: 3.252 Thread 0x000000001e8fb800 1561       3       com.android.dx.rop.code.LocalVariableExtractor::<init> (59 bytes)
Event: 3.252 Thread 0x000000001e8fb800 nmethod 1561 0x00000000032b01d0 code [0x00000000032b0380, 0x00000000032b0988]
Event: 3.258 Thread 0x000000001e8fb800 1562       3       com.android.dx.rop.cst.CstArray$List::set (7 bytes)
Event: 3.258 Thread 0x000000001e8fb800 nmethod 1562 0x00000000032af250 code [0x00000000032af420, 0x00000000032afc28]
Event: 3.258 Thread 0x000000001e8fb800 1563       3       com.android.dx.util.ByteArray::getByte (14 bytes)
Event: 3.258 Thread 0x000000001e8fb800 nmethod 1563 0x00000000032bc3d0 code [0x00000000032bc540, 0x00000000032bc788]
Event: 3.258 Thread 0x000000001e8fb800 1564       3       com.android.dx.ssa.PhiInsn::updateSourcesToDefinitions (68 bytes)
Event: 3.259 Thread 0x000000001e8fb800 nmethod 1564 0x00000000032bc8d0 code [0x00000000032bcae0, 0x00000000032bd698]

GC Heap History (2 events):
Event: 2.935 GC heap before
{Heap before GC invocations=1 (full 0):
 PSYoungGen      total 76288K, used 65536K [0x000000076ab00000, 0x0000000770000000, 0x00000007c0000000)
  eden space 65536K, 100% used [0x000000076ab00000,0x000000076eb00000,0x000000076eb00000)
  from space 10752K, 0% used [0x000000076f580000,0x000000076f580000,0x0000000770000000)
  to   space 10752K, 0% used [0x000000076eb00000,0x000000076eb00000,0x000000076f580000)
 ParOldGen       total 175104K, used 0K [0x00000006c0000000, 0x00000006cab00000, 0x000000076ab00000)
  object space 175104K, 0% used [0x00000006c0000000,0x00000006c0000000,0x00000006cab00000)
 Metaspace       used 6147K, capacity 7028K, committed 7296K, reserved 1056768K
  class space    used 603K, capacity 620K, committed 640K, reserved 1048576K
Event: 3.161 GC heap after
Heap after GC invocations=1 (full 0):
 PSYoungGen      total 76288K, used 10576K [0x000000076ab00000, 0x0000000770000000, 0x00000007c0000000)
  eden space 65536K, 0% used [0x000000076ab00000,0x000000076ab00000,0x000000076eb00000)
  from space 10752K, 98% used [0x000000076eb00000,0x000000076f5543a8,0x000000076f580000)
  to   space 10752K, 0% used [0x000000076f580000,0x000000076f580000,0x0000000770000000)
 ParOldGen       total 175104K, used 16K [0x00000006c0000000, 0x00000006cab00000, 0x000000076ab00000)
  object space 175104K, 0% used [0x00000006c0000000,0x00000006c0004000,0x00000006cab00000)
 Metaspace       used 6147K, capacity 7028K, committed 7296K, reserved 1056768K
  class space    used 603K, capacity 620K, committed 640K, reserved 1048576K
}

Deoptimization events (5 events):
Event: 1.614 Thread 0x000000001ec39800 Uncommon trap: reason=unstable_if action=reinterpret pc=0x0000000002ebd1f8 method=java.util.HashMap.getNode(ILjava/lang/Object;)Ljava/util/HashMap$Node; @ 62
Event: 2.434 Thread 0x0000000002bb1000 Uncommon trap: reason=unstable_if action=reinterpret pc=0x0000000002ec7800 method=java.util.HashMap.getNode(ILjava/lang/Object;)Ljava/util/HashMap$Node; @ 84
Event: 2.434 Thread 0x0000000002bb1000 Uncommon trap: reason=unstable_if action=reinterpret pc=0x0000000002f130a8 method=java.util.HashMap.getNode(ILjava/lang/Object;)Ljava/util/HashMap$Node; @ 84
Event: 2.470 Thread 0x000000001ec44000 Uncommon trap: reason=null_check action=make_not_entrant pc=0x0000000002f4f628 method=com.android.dx.rop.type.Type.equals(Ljava/lang/Object;)Z @ 8
Event: 2.596 Thread 0x000000001ec39800 Uncommon trap: reason=unstable_if action=reinterpret pc=0x0000000003001f9c method=com.android.dx.ssa.SsaMethod.updateOneDefinition(Lcom/android/dx/ssa/SsaInsn;Lcom/android/dx/rop/code/RegisterSpec;)V @ 4

Internal exceptions (3 events):
Event: 0.087 Thread 0x0000000002bb1000 Exception <a 'java/lang/NoSuchMethodError': Method sun.misc.Unsafe.defineClass(Ljava/lang/String;[BII)Ljava/lang/Class; name or signature does not match> (0x000000076ab13078) thrown at [C:\re\workspace\8-2-build-windows-amd64-cygwin\jdk8u66\5298\hotspot\sr–=vj¶?
Event: 0.088 Thread 0x0000000002bb1000 Exception <a 'java/lang/NoSuchMethodError': Method sun.misc.Unsafe.prefetchRead(Ljava/lang/Object;J)V name or signature does not match> (0x000000076ab13360) thrown at [C:\re\workspace\8-2-build-windows-amd64-cygwin\jdk8u66\5298\hotspot\src\share\vm\prims\jÓ$òø‚Á@
Event: 2.469 Thread 0x000000001ec44000 Implicit null exception at 0x0000000002f4f522 to 0x0000000002f4f61a

Events (10 events):
Event: 2.470 Thread 0x000000001ec44000 Uncommon trap: trap_request=0xfffffff4 fr.pc=0x0000000002f4f628
Event: 2.470 Thread 0x000000001ec44000 DEOPT PACKING pc=0x0000000002f4f628 sp=0x000000002016ea40
Event: 2.470 Thread 0x000000001ec44000 DEOPT UNPACKING pc=0x0000000002cf582a sp=0x000000002016e9c8 mode 2
Event: 2.594 loading class com/android/dx/rop/code/RegOps
Event: 2.594 loading class com/android/dx/rop/code/RegOps done
Event: 2.596 Thread 0x000000001ec39800 Uncommon trap: trap_request=0xffffff65 fr.pc=0x0000000003001f9c
Event: 2.596 Thread 0x000000001ec39800 DEOPT PACKING pc=0x0000000003001f9c sp=0x000000001fd6e6c0
Event: 2.596 Thread 0x000000001ec39800 DEOPT UNPACKING pc=0x0000000002cf582a sp=0x000000001fd6e668 mode 2
Event: 2.935 Executing VM operation: ParallelGCFailedAllocation
Event: 3.161 Executing VM operation: ParallelGCFailedAllocation done


Dynamic libraries:
0x00007ff6490f0000 - 0x00007ff649127000 	C:\Program Files\Java\jdk1.8.0_66\bin\java.exe
0x00007ff95c820000 - 0x00007ff95c9e1000 	C:\WINDOWS\SYSTEM32\ntdll.dll
0x00007ff95c2a0000 - 0x00007ff95c34d000 	C:\WINDOWS\system32\KERNEL32.DLL
0x00007ff958ed0000 - 0x00007ff9590b8000 	C:\WINDOWS\system32\KERNELBASE.dll
0x00007ff95a960000 - 0x00007ff95aa07000 	C:\WINDOWS\system32\ADVAPI32.dll
0x00007ff95c1f0000 - 0x00007ff95c28d000 	C:\WINDOWS\system32\msvcrt.dll
0x00007ff95a900000 - 0x00007ff95a95b000 	C:\WINDOWS\system32\sechost.dll
0x00007ff959f90000 - 0x00007ff95a0ac000 	C:\WINDOWS\system32\RPCRT4.dll
0x00007ff959ce0000 - 0x00007ff959e36000 	C:\WINDOWS\system32\USER32.dll
0x00007ff95a470000 - 0x00007ff95a5f6000 	C:\WINDOWS\system32\GDI32.dll
0x00007ff950570000 - 0x00007ff9507e4000 	C:\WINDOWS\WinSxS\amd64_microsoft.windows.common-controls_6595b64144ccf1df_6.0.10586.0_none_8c15ae12515e1c22\COMCTL32.dll
0x00007ff95bf70000 - 0x00007ff95c1ed000 	C:\WINDOWS\system32\combase.dll
0x00007ff9594a0000 - 0x00007ff95950a000 	C:\WINDOWS\system32\bcryptPrimitives.dll
0x00007ff95c350000 - 0x00007ff95c38b000 	C:\WINDOWS\system32\IMM32.DLL
0x0000000077080000 - 0x0000000077152000 	C:\Program Files\Java\jdk1.8.0_66\jre\bin\msvcr100.dll
0x00000000774f0000 - 0x0000000077d79000 	C:\Program Files\Java\jdk1.8.0_66\jre\bin\server\jvm.dll
0x00007ff959cd0000 - 0x00007ff959cd8000 	C:\WINDOWS\system32\PSAPI.DLL
0x00007ff94e860000 - 0x00007ff94e869000 	C:\WINDOWS\SYSTEM32\WSOCK32.dll
0x00007ff95a110000 - 0x00007ff95a17b000 	C:\WINDOWS\system32\WS2_32.dll
0x00007ff956c90000 - 0x00007ff956cb3000 	C:\WINDOWS\SYSTEM32\WINMM.dll
0x00007ff956340000 - 0x00007ff95634a000 	C:\WINDOWS\SYSTEM32\VERSION.dll
0x00007ff956c30000 - 0x00007ff956c5c000 	C:\WINDOWS\SYSTEM32\WINMMBASE.dll
0x00007ff9593f0000 - 0x00007ff959433000 	C:\WINDOWS\system32\cfgmgr32.dll
0x0000000050040000 - 0x000000005004f000 	C:\Program Files\Java\jdk1.8.0_66\jre\bin\verify.dll
0x0000000050010000 - 0x0000000050039000 	C:\Program Files\Java\jdk1.8.0_66\jre\bin\java.dll
0x0000000077fe0000 - 0x0000000077ff6000 	C:\Program Files\Java\jdk1.8.0_66\jre\bin\zip.dll
0x00007ff95aa10000 - 0x00007ff95bf6c000 	C:\WINDOWS\system32\SHELL32.dll
0x00007ff959510000 - 0x00007ff959b54000 	C:\WINDOWS\system32\windows.storage.dll
0x00007ff95c390000 - 0x00007ff95c3e2000 	C:\WINDOWS\system32\shlwapi.dll
0x00007ff958e40000 - 0x00007ff958e4f000 	C:\WINDOWS\system32\kernel.appcore.dll
0x00007ff959b60000 - 0x00007ff959c15000 	C:\WINDOWS\system32\shcore.dll
0x00007ff958e80000 - 0x00007ff958ecb000 	C:\WINDOWS\system32\powrprof.dll
0x00007ff958e60000 - 0x00007ff958e74000 	C:\WINDOWS\system32\profapi.dll

VM Arguments:
jvm_args: -Djava.awt.headless=true -Xmx4g -Dfile.encoding=windows-1254 -Duser.country=TR -Duser.language=tr -Duser.variant 
java_command: com.android.dx.command.Main --dex --force-jumbo --num-threads=4 --multi-dex --output C:\Users\P C\AndroidStudioProjects\RestApp\app\build\intermediates\transforms\dex\debug\folders\1000\10\com.google.android.gms-play-services-basement-9.0.0_a6e3457fb243ff4a1d126eec3e86c16cfb748823 C:\Users\P C\AndroidStudioProjects\RestApp\app\build\intermediates\exploded-aar\com.google.android.gms\play-services-basement\9.0.0\jars\classes.jar
java_class_path (initial): C:\Android\sdk\build-tools\23.0.2\lib\dx.jar
Launcher Type: SUN_STANDARD

Environment Variables:
JAVA_HOME=C:\Program Files\Java\jdk1.8.0_66
PATH=C:\ProgramData\Oracle\Java\javapath;C:\WINDOWS\system32;C:\WINDOWS;C:\WINDOWS\System32\Wbem;C:\WINDOWS\System32\WindowsPowerShell\v1.0\;C:\Program Files (x86)\ATI Technologies\ATI.ACE\Core-Static;C:\Program Files\Java\jdk1.7.0_80\bin;C:\Program Files (x86)\Skype\Phone\;C:\Program Files\nodejs\;C:\Users\P C\AppData\Roaming\npm
USERNAME=P C
OS=Windows_NT
PROCESSOR_IDENTIFIER=AMD64 Family 21 Model 1 Stepping 2, AuthenticAMD



---------------  S Y S T E M  ---------------

OS: Windows 10.0 , 64 bit Build 10586 (10.0.10586.0)

CPU:total 8 (8 cores per cpu, 1 threads per core) family 21 model 1 stepping 2, cmov, cx8, fxsr, mmx, sse, sse2, sse3, ssse3, sse4.1, sse4.2, popcnt, avx, aes, clmul, mmxext, 3dnowpref, lzcnt, sse4a, tsc, tscinvbit, tscinv

Memory: 4k page, physical 16676424k(1825180k free), swap 67008072k(5904k free)

vm_info: Java HotSpot(TM) 64-Bit Server VM (25.66-b18) for windows-amd64 JRE (1.8.0_66-b18), built on Nov  9 2015 10:51:13 by "java_re" with MS VC++ 10.0 (VS2010)

time: Fri Jul 08 16:06:11 2016
elapsed time: 3 seconds (0d 0h 0m 3s)

