#
# There is insufficient memory for the Java Runtime Environment to continue.
# Native memory allocation (malloc) failed to allocate 193136 bytes for Chunk::new
# Possible reasons:
#   The system is out of physical RAM or swap space
#   In 32 bit mode, the process size limit was hit
# Possible solutions:
#   Reduce memory load on the system
#   Increase physical memory or swap space
#   Check if swap backing store is full
#   Use 64 bit Java on a 64 bit OS
#   Decrease Java heap size (-Xmx/-Xms)
#   Decrease number of Java threads
#   Decrease Java thread stack sizes (-Xss)
#   Set larger code cache with -XX:ReservedCodeCacheSize=
# This output file may be truncated or incomplete.
#
#  Out of Memory Error (allocation.cpp:390), pid=75488, tid=75804
#
# JRE version: Java(TM) SE Runtime Environment (8.0_66-b18) (build 1.8.0_66-b18)
# Java VM: Java HotSpot(TM) 64-Bit Server VM (25.66-b18 mixed mode windows-amd64 compressed oops)
# Failed to write core dump. Minidumps are not enabled by default on client versions of Windows
#

---------------  T H R E A D  ---------------

Current thread (0x000000001e2b2800):  JavaThread "C2 CompilerThread2" daemon [_thread_in_native, id=75804, stack(0x000000001ea80000,0x000000001eb80000)]

Stack: [0x000000001ea80000,0x000000001eb80000]
[error occurred during error reporting (printing stack bounds), id 0xc0000005]

Native frames: (J=compiled Java code, j=interpreted, Vv=VM code, C=native code)


Current CompileTask:
C2:    992 1003 %     4       com.android.dx.ssa.SsaMethod::deleteInsns @ 8 (239 bytes)


---------------  P R O C E S S  ---------------

Java Threads: ( => current thread )
  0x000000001e5ba800 JavaThread "pool-2-thread-4" [_thread_blocked, id=75900, stack(0x000000001f280000,0x000000001f380000)]
  0x000000001e5b3800 JavaThread "pool-2-thread-3" [_thread_blocked, id=75888, stack(0x000000001f180000,0x000000001f280000)]
  0x000000001e5ac800 JavaThread "pool-2-thread-2" [_thread_in_Java, id=75884, stack(0x000000001f080000,0x000000001f180000)]
  0x000000001e5a9800 JavaThread "pool-3-thread-1" [_thread_blocked, id=75880, stack(0x000000001ef80000,0x000000001f080000)]
  0x000000001e559000 JavaThread "pool-2-thread-1" [_thread_blocked, id=75876, stack(0x000000001ee80000,0x000000001ef80000)]
  0x000000001e2e0000 JavaThread "Service Thread" daemon [_thread_blocked, id=75816, stack(0x000000001ec80000,0x000000001ed80000)]
  0x000000001e2b9000 JavaThread "C1 CompilerThread3" daemon [_thread_blocked, id=75808, stack(0x000000001eb80000,0x000000001ec80000)]
=>0x000000001e2b2800 JavaThread "C2 CompilerThread2" daemon [_thread_in_native, id=75804, stack(0x000000001ea80000,0x000000001eb80000)]
  0x000000001e2ac800 JavaThread "C2 CompilerThread1" daemon [_thread_in_native, id=75800, stack(0x000000001e980000,0x000000001ea80000)]
  0x000000001e2a9000 JavaThread "C2 CompilerThread0" daemon [_thread_in_native, id=75796, stack(0x000000001e880000,0x000000001e980000)]
  0x000000001e2a6000 JavaThread "Attach Listener" daemon [_thread_blocked, id=75792, stack(0x000000001e780000,0x000000001e880000)]
  0x000000001e2a5800 JavaThread "Signal Dispatcher" daemon [_thread_blocked, id=75784, stack(0x000000001e680000,0x000000001e780000)]
  0x00000000026a8800 JavaThread "Finalizer" daemon [_thread_blocked, id=71300, stack(0x000000001e0a0000,0x000000001e1a0000)]
  0x00000000026a2000 JavaThread "Reference Handler" daemon [_thread_blocked, id=74688, stack(0x000000001dfa0000,0x000000001e0a0000)]
  0x00000000025b1000 JavaThread "main" [_thread_in_vm, id=73576, stack(0x00000000023e0000,0x00000000024e0000)]

Other Threads:
  0x000000001c1c9000 VMThread [stack: 0x000000001dea0000,0x000000001dfa0000] [id=67240]
  0x000000001e2e3000 WatcherThread [stack: 0x000000001ed80000,0x000000001ee80000] [id=75824]

VM state:not at safepoint (normal execution)

VM Mutex/Monitor currently owned by a thread: None

Heap:
 PSYoungGen      total 76288K, used 31458K [0x000000076ab00000, 0x0000000770000000, 0x00000007c0000000)
  eden space 65536K, 48% used [0x000000076ab00000,0x000000076c9b8b40,0x000000076eb00000)
  from space 10752K, 0% used [0x000000076f580000,0x000000076f580000,0x0000000770000000)
  to   space 10752K, 0% used [0x000000076eb00000,0x000000076eb00000,0x000000076f580000)
 ParOldGen       total 175104K, used 0K [0x00000006c0000000, 0x00000006cab00000, 0x000000076ab00000)
  object space 175104K, 0% used [0x00000006c0000000,0x00000006c0000000,0x00000006cab00000)
 Metaspace       used 5836K, capacity 6772K, committed 7040K, reserved 1056768K
  class space    used 600K, capacity 620K, committed 640K, reserved 1048576K

Card table byte_map: [0x0000000011a70000,0x0000000012280000] byte_map_base: 0x000000000e470000

Marking Bits: (ParMarkBitMap*) 0x0000000077cfa5b0
 Begin Bits: [0x0000000012fe0000, 0x0000000016fe0000)
 End Bits:   [0x0000000016fe0000, 0x000000001afe0000)

Polling page: 0x0000000000a70000

CodeCache: size=245760Kb used=3923Kb max_used=3923Kb free=241836Kb
 bounds [0x00000000026b0000, 0x0000000002a90000, 0x00000000116b0000]
 total_blobs=1281 nmethods=1014 adapters=181
 compilation: enabled

Compilation events (10 events):
Event: 0.984 Thread 0x000000001e2b9000 nmethod 987 0x0000000002a73b90 code [0x0000000002a73d20, 0x0000000002a74048]
Event: 0.984 Thread 0x000000001e2b9000  988       3       com.android.dx.ssa.SsaBasicBlock::addPhiInsnForReg (18 bytes)
Event: 0.985 Thread 0x000000001e2b9000 nmethod 988 0x0000000002a74250 code [0x0000000002a74420, 0x0000000002a74b68]
Event: 0.985 Thread 0x000000001e2b9000  986       3       java.util.ArrayList::rangeCheckForAdd (26 bytes)
Event: 0.985 Thread 0x000000001e2b9000 nmethod 986 0x0000000002a75050 code [0x0000000002a75260, 0x0000000002a75d98]
Event: 0.985 Thread 0x000000001e2b9000 1005       3       com.android.dx.dex.code.RopTranslator$TranslationVisitor::getNextMoveResultPseudo (55 bytes)
Event: 0.986 Thread 0x000000001e2b9000 nmethod 1005 0x0000000002a76350 code [0x0000000002a76500, 0x0000000002a76df8]
Event: 0.986 Thread 0x000000001e2b9000 1007       3       com.android.dx.rop.code.RegisterSpecList::withFirst (64 bytes)
Event: 0.987 Thread 0x000000001e2b9000 nmethod 1007 0x0000000002a7aad0 code [0x0000000002a7ad60, 0x0000000002a7c0e8]
Event: 0.987 Thread 0x000000001e2b9000 1008       3       com.android.dx.cf.code.BaseMachine::popArgs (72 bytes)

GC Heap History (0 events):
No events

Deoptimization events (5 events):
Event: 0.482 Thread 0x000000001e5b3800 Uncommon trap: reason=unstable_if action=reinterpret pc=0x0000000002879908 method=java.util.HashMap.getNode(ILjava/lang/Object;)Ljava/util/HashMap$Node; @ 62
Event: 0.718 Thread 0x00000000025b1000 Uncommon trap: reason=null_check action=make_not_entrant pc=0x000000000290e928 method=com.android.dx.rop.type.Type.equals(Ljava/lang/Object;)Z @ 8
Event: 0.739 Thread 0x00000000025b1000 Uncommon trap: reason=class_check action=maybe_recompile pc=0x00000000028e04b8 method=com.android.dx.ssa.NormalSsaInsn.accept(Lcom/android/dx/ssa/SsaInsn$Visitor;)V @ 9
Event: 0.954 Thread 0x000000001e5b3800 Uncommon trap: reason=class_check action=maybe_recompile pc=0x00000000028e04b8 method=com.android.dx.ssa.NormalSsaInsn.accept(Lcom/android/dx/ssa/SsaInsn$Visitor;)V @ 9
Event: 0.954 Thread 0x000000001e5b3800 Uncommon trap: reason=class_check action=maybe_recompile pc=0x00000000028bed30 method=com.android.dx.ssa.NormalSsaInsn.accept(Lcom/android/dx/ssa/SsaInsn$Visitor;)V @ 9

Internal exceptions (3 events):
Event: 0.058 Thread 0x00000000025b1000 Exception <a 'java/lang/NoSuchMethodError': Method sun.misc.Unsafe.defineClass(Ljava/lang/String;[BII)Ljava/lang/Class; name or signature does not match> (0x000000076ab13078) thrown at [C:\re\workspace\8-2-build-windows-amd64-cygwin\jdk8u66\5298\hotspot\sr¿Í4ö­?
Event: 0.059 Thread 0x00000000025b1000 Exception <a 'java/lang/NoSuchMethodError': Method sun.misc.Unsafe.prefetchRead(Ljava/lang/Object;J)V name or signature does not match> (0x000000076ab13360) thrown at [C:\re\workspace\8-2-build-windows-amd64-cygwin\jdk8u66\5298\hotspot\src\share\vm\prims\jå¶e¨øæ?
Event: 0.718 Thread 0x00000000025b1000 Implicit null exception at 0x000000000290e822 to 0x000000000290e91a

Events (10 events):
Event: 0.954 loading class java/util/TreeMap$EntrySet
Event: 0.954 loading class java/util/TreeMap$EntrySet done
Event: 0.954 loading class java/util/TreeMap$EntryIterator
Event: 0.954 loading class java/util/TreeMap$EntryIterator done
Event: 0.954 Thread 0x000000001e5b3800 Uncommon trap: trap_request=0xffffffde fr.pc=0x00000000028e04b8
Event: 0.954 Thread 0x000000001e5b3800 DEOPT PACKING pc=0x00000000028e04b8 sp=0x000000001f27e520
Event: 0.954 Thread 0x000000001e5b3800 DEOPT UNPACKING pc=0x00000000026f582a sp=0x000000001f27e460 mode 2
Event: 0.954 Thread 0x000000001e5b3800 Uncommon trap: trap_request=0xffffffde fr.pc=0x00000000028bed30
Event: 0.954 Thread 0x000000001e5b3800 DEOPT PACKING pc=0x00000000028bed30 sp=0x000000001f27e4b0
Event: 0.954 Thread 0x000000001e5b3800 DEOPT UNPACKING pc=0x00000000026f582a sp=0x000000001f27e450 mode 2


Dynamic libraries:
0x00007ff6490f0000 - 0x00007ff649127000 	C:\Program Files\Java\jdk1.8.0_66\bin\java.exe
0x00007ff95c820000 - 0x00007ff95c9e1000 	C:\WINDOWS\SYSTEM32\ntdll.dll
0x00007ff95c2a0000 - 0x00007ff95c34d000 	C:\WINDOWS\system32\KERNEL32.DLL
0x00007ff958ed0000 - 0x00007ff9590b8000 	C:\WINDOWS\system32\KERNELBASE.dll
0x00007ff95a960000 - 0x00007ff95aa07000 	C:\WINDOWS\system32\ADVAPI32.dll
0x00007ff95c1f0000 - 0x00007ff95c28d000 	C:\WINDOWS\system32\msvcrt.dll
0x00007ff95a900000 - 0x00007ff95a95b000 	C:\WINDOWS\system32\sechost.dll
0x00007ff959f90000 - 0x00007ff95a0ac000 	C:\WINDOWS\system32\RPCRT4.dll
0x00007ff959ce0000 - 0x00007ff959e36000 	C:\WINDOWS\system32\USER32.dll
0x00007ff95a470000 - 0x00007ff95a5f6000 	C:\WINDOWS\system32\GDI32.dll
0x00007ff950570000 - 0x00007ff9507e4000 	C:\WINDOWS\WinSxS\amd64_microsoft.windows.common-controls_6595b64144ccf1df_6.0.10586.0_none_8c15ae12515e1c22\COMCTL32.dll
0x00007ff95bf70000 - 0x00007ff95c1ed000 	C:\WINDOWS\system32\combase.dll
0x00007ff9594a0000 - 0x00007ff95950a000 	C:\WINDOWS\system32\bcryptPrimitives.dll
0x00007ff95c350000 - 0x00007ff95c38b000 	C:\WINDOWS\system32\IMM32.DLL
0x0000000077080000 - 0x0000000077152000 	C:\Program Files\Java\jdk1.8.0_66\jre\bin\msvcr100.dll
0x00000000774f0000 - 0x0000000077d79000 	C:\Program Files\Java\jdk1.8.0_66\jre\bin\server\jvm.dll
0x00007ff959cd0000 - 0x00007ff959cd8000 	C:\WINDOWS\system32\PSAPI.DLL
0x00007ff94e860000 - 0x00007ff94e869000 	C:\WINDOWS\SYSTEM32\WSOCK32.dll
0x00007ff95a110000 - 0x00007ff95a17b000 	C:\WINDOWS\system32\WS2_32.dll
0x00007ff956c90000 - 0x00007ff956cb3000 	C:\WINDOWS\SYSTEM32\WINMM.dll
0x00007ff956340000 - 0x00007ff95634a000 	C:\WINDOWS\SYSTEM32\VERSION.dll
0x00007ff956c30000 - 0x00007ff956c5c000 	C:\WINDOWS\SYSTEM32\WINMMBASE.dll
0x00007ff9593f0000 - 0x00007ff959433000 	C:\WINDOWS\system32\cfgmgr32.dll
0x0000000050040000 - 0x000000005004f000 	C:\Program Files\Java\jdk1.8.0_66\jre\bin\verify.dll
0x0000000050010000 - 0x0000000050039000 	C:\Program Files\Java\jdk1.8.0_66\jre\bin\java.dll
0x0000000077fe0000 - 0x0000000077ff6000 	C:\Program Files\Java\jdk1.8.0_66\jre\bin\zip.dll
0x00007ff95aa10000 - 0x00007ff95bf6c000 	C:\WINDOWS\system32\SHELL32.dll
0x00007ff959510000 - 0x00007ff959b54000 	C:\WINDOWS\system32\windows.storage.dll
0x00007ff95c390000 - 0x00007ff95c3e2000 	C:\WINDOWS\system32\shlwapi.dll
0x00007ff958e40000 - 0x00007ff958e4f000 	C:\WINDOWS\system32\kernel.appcore.dll
0x00007ff959b60000 - 0x00007ff959c15000 	C:\WINDOWS\system32\shcore.dll
0x00007ff958e80000 - 0x00007ff958ecb000 	C:\WINDOWS\system32\powrprof.dll
0x00007ff958e60000 - 0x00007ff958e74000 	C:\WINDOWS\system32\profapi.dll

VM Arguments:
jvm_args: -Djava.awt.headless=true -Xmx4g -Dfile.encoding=windows-1254 -Duser.country=TR -Duser.language=tr -Duser.variant 
java_command: com.android.dx.command.Main --dex --force-jumbo --num-threads=4 --multi-dex --output C:\Users\P C\AndroidStudioProjects\RestApp\app\build\intermediates\transforms\dex\debug\folders\1000\10\com.google.firebase-firebase-iid-9.0.0_76efc7baa94966c77ef2b8fed92dfbe0b2fcf7d6 C:\Users\P C\AndroidStudioProjects\RestApp\app\build\intermediates\exploded-aar\com.google.firebase\firebase-iid\9.0.0\jars\classes.jar
java_class_path (initial): C:\Android\sdk\build-tools\23.0.2\lib\dx.jar
Launcher Type: SUN_STANDARD

Environment Variables:
JAVA_HOME=C:\Program Files\Java\jdk1.8.0_66
PATH=C:\ProgramData\Oracle\Java\javapath;C:\WINDOWS\system32;C:\WINDOWS;C:\WINDOWS\System32\Wbem;C:\WINDOWS\System32\WindowsPowerShell\v1.0\;C:\Program Files (x86)\ATI Technologies\ATI.ACE\Core-Static;C:\Program Files\Java\jdk1.7.0_80\bin;C:\Program Files (x86)\Skype\Phone\;C:\Program Files\nodejs\;C:\Users\P C\AppData\Roaming\npm
USERNAME=P C
OS=Windows_NT
PROCESSOR_IDENTIFIER=AMD64 Family 21 Model 1 Stepping 2, AuthenticAMD



---------------  S Y S T E M  ---------------

OS: Windows 10.0 , 64 bit Build 10586 (10.0.10586.0)

CPU:total 8 (8 cores per cpu, 1 threads per core) family 21 model 1 stepping 2, cmov, cx8, fxsr, mmx, sse, sse2, sse3, ssse3, sse4.1, sse4.2, popcnt, avx, aes, clmul, mmxext, 3dnowpref, lzcnt, sse4a, tsc, tscinvbit, tscinv

Memory: 4k page, physical 16676424k(1844148k free), swap 67008072k(5304k free)

vm_info: Java HotSpot(TM) 64-Bit Server VM (25.66-b18) for windows-amd64 JRE (1.8.0_66-b18), built on Nov  9 2015 10:51:13 by "java_re" with MS VC++ 10.0 (VS2010)

time: Fri Jul 08 16:05:58 2016
elapsed time: 1 seconds (0d 0h 0m 1s)

