#
# There is insufficient memory for the Java Runtime Environment to continue.
# Native memory allocation (malloc) failed to allocate 32744 bytes for ChunkPool::allocate
# Possible reasons:
#   The system is out of physical RAM or swap space
#   In 32 bit mode, the process size limit was hit
# Possible solutions:
#   Reduce memory load on the system
#   Increase physical memory or swap space
#   Check if swap backing store is full
#   Use 64 bit Java on a 64 bit OS
#   Decrease Java heap size (-Xmx/-Xms)
#   Decrease number of Java threads
#   Decrease Java thread stack sizes (-Xss)
#   Set larger code cache with -XX:ReservedCodeCacheSize=
# This output file may be truncated or incomplete.
#
#  Out of Memory Error (allocation.cpp:273), pid=68844, tid=76432
#
# JRE version: Java(TM) SE Runtime Environment (8.0_66-b18) (build 1.8.0_66-b18)
# Java VM: Java HotSpot(TM) 64-Bit Server VM (25.66-b18 mixed mode windows-amd64 compressed oops)
# Failed to write core dump. Minidumps are not enabled by default on client versions of Windows
#

---------------  T H R E A D  ---------------

Current thread (0x000000001ec0b800):  JavaThread "C1 CompilerThread3" daemon [_thread_in_native, id=76432, stack(0x000000001f480000,0x000000001f580000)]

Stack: [0x000000001f480000,0x000000001f580000]
[error occurred during error reporting (printing stack bounds), id 0xc0000005]

Native frames: (J=compiled Java code, j=interpreted, Vv=VM code, C=native code)


Current CompileTask:
C1:   1044  511   !   3       com.android.dx.cf.code.BytecodeArray::parseInstruction (2764 bytes)


---------------  P R O C E S S  ---------------

Java Threads: ( => current thread )
  0x000000001ee7d000 JavaThread "pool-2-thread-4" [_thread_in_Java, id=76764, stack(0x0000000020380000,0x0000000020480000)]
  0x000000001ee7c000 JavaThread "pool-2-thread-3" [_thread_in_Java, id=76644, stack(0x0000000020280000,0x0000000020380000)]
  0x000000001ee75800 JavaThread "pool-2-thread-2" [_thread_in_Java, id=76480, stack(0x0000000020180000,0x0000000020280000)]
  0x000000001ee70800 JavaThread "pool-3-thread-1" [_thread_blocked, id=70676, stack(0x0000000020080000,0x0000000020180000)]
  0x000000001ee6f800 JavaThread "pool-2-thread-1" [_thread_in_Java, id=76796, stack(0x000000001ff80000,0x0000000020080000)]
  0x000000001ec11800 JavaThread "Service Thread" daemon [_thread_blocked, id=76724, stack(0x000000001f580000,0x000000001f680000)]
=>0x000000001ec0b800 JavaThread "C1 CompilerThread3" daemon [_thread_in_native, id=76432, stack(0x000000001f480000,0x000000001f580000)]
  0x000000001ec07800 JavaThread "C2 CompilerThread2" daemon [_thread_in_native, id=60692, stack(0x000000001f380000,0x000000001f480000)]
  0x000000001ec07000 JavaThread "C2 CompilerThread1" daemon [_thread_in_native, id=44468, stack(0x000000001f280000,0x000000001f380000)]
  0x000000001eba9000 JavaThread "C2 CompilerThread0" daemon [_thread_in_native, id=76660, stack(0x000000001f180000,0x000000001f280000)]
  0x000000001eba6000 JavaThread "Attach Listener" daemon [_thread_blocked, id=76320, stack(0x000000001f080000,0x000000001f180000)]
  0x000000001eba5800 JavaThread "Signal Dispatcher" daemon [_thread_blocked, id=76676, stack(0x000000001ef80000,0x000000001f080000)]
  0x0000000002f98800 JavaThread "Finalizer" daemon [_thread_blocked, id=76264, stack(0x000000001e9a0000,0x000000001eaa0000)]
  0x0000000002f92000 JavaThread "Reference Handler" daemon [_thread_blocked, id=76016, stack(0x000000001e8a0000,0x000000001e9a0000)]
  0x0000000002ea1000 JavaThread "main" [_thread_in_Java, id=75848, stack(0x0000000002d90000,0x0000000002e90000)]

Other Threads:
  0x000000001cab9000 VMThread [stack: 0x000000001e7a0000,0x000000001e8a0000] [id=76500]
  0x000000001ec17800 WatcherThread [stack: 0x000000001f680000,0x000000001f780000] [id=76572]

VM state:not at safepoint (normal execution)

VM Mutex/Monitor currently owned by a thread: None

Heap:
 PSYoungGen      total 76288K, used 19662K [0x000000076ab00000, 0x0000000770000000, 0x00000007c0000000)
  eden space 65536K, 30% used [0x000000076ab00000,0x000000076be33890,0x000000076eb00000)
  from space 10752K, 0% used [0x000000076f580000,0x000000076f580000,0x0000000770000000)
  to   space 10752K, 0% used [0x000000076eb00000,0x000000076eb00000,0x000000076f580000)
 ParOldGen       total 175104K, used 0K [0x00000006c0000000, 0x00000006cab00000, 0x000000076ab00000)
  object space 175104K, 0% used [0x00000006c0000000,0x00000006c0000000,0x00000006cab00000)
 Metaspace       used 5549K, capacity 6514K, committed 6784K, reserved 1056768K
  class space    used 594K, capacity 618K, committed 640K, reserved 1048576K

Card table byte_map: [0x0000000012360000,0x0000000012b70000] byte_map_base: 0x000000000ed60000

Marking Bits: (ParMarkBitMap*) 0x0000000077cfa5b0
 Begin Bits: [0x00000000138d0000, 0x00000000178d0000)
 End Bits:   [0x00000000178d0000, 0x000000001b8d0000)

Polling page: 0x0000000001420000

CodeCache: size=245760Kb used=2133Kb max_used=2144Kb free=243626Kb
 bounds [0x0000000002fa0000, 0x0000000003210000, 0x0000000011fa0000]
 total_blobs=786 nmethods=519 adapters=181
 compilation: enabled

Compilation events (10 events):
Event: 1.032 Thread 0x000000001ec0b800  513       3       com.android.dx.util.Bits::clear (21 bytes)
Event: 1.032 Thread 0x000000001ec0b800 nmethod 513 0x00000000031b0d90 code [0x00000000031b0ee0, 0x00000000031b1050]
Event: 1.033 Thread 0x000000001ec0b800  511   !   3       com.android.dx.cf.code.BytecodeArray::parseInstruction (2764 bytes)
Event: 1.033 Thread 0x000000001ec07800 nmethod 510 0x00000000031b0a10 code [0x00000000031b0b60, 0x00000000031b0c78]
Event: 1.034 Thread 0x000000001ec07000  521   !   4       com.android.dx.util.IntList::get (36 bytes)
Event: 1.034 Thread 0x000000001ec07800  522       4       com.android.dx.util.MutabilityControl::<init> (10 bytes)
Event: 1.034 Thread 0x000000001ec07000 nmethod 521 0x00000000031b0750 code [0x00000000031b0880, 0x00000000031b0938]
Event: 1.035 Thread 0x000000001ec07800 nmethod 522 0x00000000031b2dd0 code [0x00000000031b2f00, 0x00000000031b2f58]
Event: 1.035 Thread 0x000000001eba9000 nmethod 506 0x00000000031b5950 code [0x00000000031b5aa0, 0x00000000031b5db8]
Event: 1.037 Thread 0x000000001ec07000  536       4       java.util.ArrayList::ensureExplicitCapacity (26 bytes)

GC Heap History (0 events):
No events

Deoptimization events (0 events):
No events

Internal exceptions (2 events):
Event: 0.278 Thread 0x0000000002ea1000 Exception <a 'java/lang/NoSuchMethodError': Method sun.misc.Unsafe.defineClass(Ljava/lang/String;[BII)Ljava/lang/Class; name or signature does not match> (0x000000076ab13078) thrown at [C:\re\workspace\8-2-build-windows-amd64-cygwin\jdk8u66\5298\hotspot\srÎ¶yñÊÆÑ?
Event: 0.278 Thread 0x0000000002ea1000 Exception <a 'java/lang/NoSuchMethodError': Method sun.misc.Unsafe.prefetchRead(Ljava/lang/Object;J)V name or signature does not match> (0x000000076ab13360) thrown at [C:\re\workspace\8-2-build-windows-amd64-cygwin\jdk8u66\5298\hotspot\src\share\vm\prims\j

Events (10 events):
Event: 1.013 loading class com/android/dx/dex/file/AnnotationSetRefItem
Event: 1.013 loading class com/android/dx/dex/file/AnnotationSetRefItem done
Event: 1.014 loading class com/android/dx/ssa/PhiInsn$Operand
Event: 1.014 loading class com/android/dx/ssa/PhiInsn$Operand done
Event: 1.027 loading class com/android/dx/dex/file/FieldAnnotationStruct
Event: 1.027 loading class com/android/dx/dex/file/FieldAnnotationStruct done
Event: 1.031 loading class com/android/dx/ssa/back/FirstFitLocalCombiningAllocator$Multiset
Event: 1.031 loading class com/android/dx/ssa/back/FirstFitLocalCombiningAllocator$Multiset done
Event: 1.038 loading class java/util/DualPivotQuicksort
Event: 1.038 loading class java/util/DualPivotQuicksort done


Dynamic libraries:
0x00007ff6490f0000 - 0x00007ff649127000 	C:\Program Files\Java\jdk1.8.0_66\bin\java.exe
0x00007ff95c820000 - 0x00007ff95c9e1000 	C:\WINDOWS\SYSTEM32\ntdll.dll
0x00007ff95c2a0000 - 0x00007ff95c34d000 	C:\WINDOWS\system32\KERNEL32.DLL
0x00007ff958ed0000 - 0x00007ff9590b8000 	C:\WINDOWS\system32\KERNELBASE.dll
0x00007ff95a960000 - 0x00007ff95aa07000 	C:\WINDOWS\system32\ADVAPI32.dll
0x00007ff95c1f0000 - 0x00007ff95c28d000 	C:\WINDOWS\system32\msvcrt.dll
0x00007ff95a900000 - 0x00007ff95a95b000 	C:\WINDOWS\system32\sechost.dll
0x00007ff959f90000 - 0x00007ff95a0ac000 	C:\WINDOWS\system32\RPCRT4.dll
0x00007ff959ce0000 - 0x00007ff959e36000 	C:\WINDOWS\system32\USER32.dll
0x00007ff95a470000 - 0x00007ff95a5f6000 	C:\WINDOWS\system32\GDI32.dll
0x00007ff950570000 - 0x00007ff9507e4000 	C:\WINDOWS\WinSxS\amd64_microsoft.windows.common-controls_6595b64144ccf1df_6.0.10586.0_none_8c15ae12515e1c22\COMCTL32.dll
0x00007ff95bf70000 - 0x00007ff95c1ed000 	C:\WINDOWS\system32\combase.dll
0x00007ff9594a0000 - 0x00007ff95950a000 	C:\WINDOWS\system32\bcryptPrimitives.dll
0x00007ff95c350000 - 0x00007ff95c38b000 	C:\WINDOWS\system32\IMM32.DLL
0x0000000077080000 - 0x0000000077152000 	C:\Program Files\Java\jdk1.8.0_66\jre\bin\msvcr100.dll
0x00000000774f0000 - 0x0000000077d79000 	C:\Program Files\Java\jdk1.8.0_66\jre\bin\server\jvm.dll
0x00007ff959cd0000 - 0x00007ff959cd8000 	C:\WINDOWS\system32\PSAPI.DLL
0x00007ff94e860000 - 0x00007ff94e869000 	C:\WINDOWS\SYSTEM32\WSOCK32.dll
0x00007ff95a110000 - 0x00007ff95a17b000 	C:\WINDOWS\system32\WS2_32.dll
0x00007ff956c90000 - 0x00007ff956cb3000 	C:\WINDOWS\SYSTEM32\WINMM.dll
0x00007ff956340000 - 0x00007ff95634a000 	C:\WINDOWS\SYSTEM32\VERSION.dll
0x00007ff956c30000 - 0x00007ff956c5c000 	C:\WINDOWS\SYSTEM32\WINMMBASE.dll
0x00007ff9593f0000 - 0x00007ff959433000 	C:\WINDOWS\system32\cfgmgr32.dll
0x0000000050040000 - 0x000000005004f000 	C:\Program Files\Java\jdk1.8.0_66\jre\bin\verify.dll
0x0000000050010000 - 0x0000000050039000 	C:\Program Files\Java\jdk1.8.0_66\jre\bin\java.dll
0x0000000077fe0000 - 0x0000000077ff6000 	C:\Program Files\Java\jdk1.8.0_66\jre\bin\zip.dll
0x00007ff95aa10000 - 0x00007ff95bf6c000 	C:\WINDOWS\system32\SHELL32.dll
0x00007ff959510000 - 0x00007ff959b54000 	C:\WINDOWS\system32\windows.storage.dll
0x00007ff95c390000 - 0x00007ff95c3e2000 	C:\WINDOWS\system32\shlwapi.dll
0x00007ff958e40000 - 0x00007ff958e4f000 	C:\WINDOWS\system32\kernel.appcore.dll
0x00007ff959b60000 - 0x00007ff959c15000 	C:\WINDOWS\system32\shcore.dll
0x00007ff958e80000 - 0x00007ff958ecb000 	C:\WINDOWS\system32\powrprof.dll
0x00007ff958e60000 - 0x00007ff958e74000 	C:\WINDOWS\system32\profapi.dll

VM Arguments:
jvm_args: -Djava.awt.headless=true -Xmx4g -Dfile.encoding=windows-1254 -Duser.country=TR -Duser.language=tr -Duser.variant 
java_command: com.android.dx.command.Main --dex --force-jumbo --num-threads=4 --multi-dex --output C:\Users\P C\AndroidStudioProjects\RestApp\app\build\intermediates\transforms\dex\debug\folders\1000\10\com.google.firebase-firebase-database-9.0.0_0c0fc48c51b0caab49147ff5477c90c97177a72d C:\Users\P C\AndroidStudioProjects\RestApp\app\build\intermediates\exploded-aar\com.google.firebase\firebase-database\9.0.0\jars\classes.jar
java_class_path (initial): C:\Android\sdk\build-tools\23.0.2\lib\dx.jar
Launcher Type: SUN_STANDARD

Environment Variables:
JAVA_HOME=C:\Program Files\Java\jdk1.8.0_66
PATH=C:\ProgramData\Oracle\Java\javapath;C:\WINDOWS\system32;C:\WINDOWS;C:\WINDOWS\System32\Wbem;C:\WINDOWS\System32\WindowsPowerShell\v1.0\;C:\Program Files (x86)\ATI Technologies\ATI.ACE\Core-Static;C:\Program Files\Java\jdk1.7.0_80\bin;C:\Program Files (x86)\Skype\Phone\;C:\Program Files\nodejs\;C:\Users\P C\AppData\Roaming\npm
USERNAME=P C
OS=Windows_NT
PROCESSOR_IDENTIFIER=AMD64 Family 21 Model 1 Stepping 2, AuthenticAMD



---------------  S Y S T E M  ---------------

OS: Windows 10.0 , 64 bit Build 10586 (10.0.10586.0)

CPU:total 8 (8 cores per cpu, 1 threads per core) family 21 model 1 stepping 2, cmov, cx8, fxsr, mmx, sse, sse2, sse3, ssse3, sse4.1, sse4.2, popcnt, avx, aes, clmul, mmxext, 3dnowpref, lzcnt, sse4a, tsc, tscinvbit, tscinv

Memory: 4k page, physical 16676424k(2491300k free), swap 67008072k(148708k free)

vm_info: Java HotSpot(TM) 64-Bit Server VM (25.66-b18) for windows-amd64 JRE (1.8.0_66-b18), built on Nov  9 2015 10:51:13 by "java_re" with MS VC++ 10.0 (VS2010)

time: Fri Jul 08 16:06:38 2016
elapsed time: 1 seconds (0d 0h 0m 1s)

