#
# There is insufficient memory for the Java Runtime Environment to continue.
# Native memory allocation (malloc) failed to allocate 722416 bytes for Chunk::new
# Possible reasons:
#   The system is out of physical RAM or swap space
#   In 32 bit mode, the process size limit was hit
# Possible solutions:
#   Reduce memory load on the system
#   Increase physical memory or swap space
#   Check if swap backing store is full
#   Use 64 bit Java on a 64 bit OS
#   Decrease Java heap size (-Xmx/-Xms)
#   Decrease number of Java threads
#   Decrease Java thread stack sizes (-Xss)
#   Set larger code cache with -XX:ReservedCodeCacheSize=
# This output file may be truncated or incomplete.
#
#  Out of Memory Error (allocation.cpp:390), pid=76156, tid=68700
#
# JRE version: Java(TM) SE Runtime Environment (8.0_66-b18) (build 1.8.0_66-b18)
# Java VM: Java HotSpot(TM) 64-Bit Server VM (25.66-b18 mixed mode windows-amd64 compressed oops)
# Failed to write core dump. Minidumps are not enabled by default on client versions of Windows
#

---------------  T H R E A D  ---------------

Current thread (0x000000001d588800):  JavaThread "C2 CompilerThread2" daemon [_thread_in_native, id=68700, stack(0x000000001ea90000,0x000000001eb90000)]

Stack: [0x000000001ea90000,0x000000001eb90000]
[error occurred during error reporting (printing stack bounds), id 0xc0000005]

Native frames: (J=compiled Java code, j=interpreted, Vv=VM code, C=native code)


Current CompileTask:
C2:   1254 1199       4       com.android.dx.ssa.SCCP::simulateBranch (666 bytes)


---------------  P R O C E S S  ---------------

Java Threads: ( => current thread )
  0x000000001d8f7800 JavaThread "pool-2-thread-4" [_thread_in_Java, id=75588, stack(0x000000001fa90000,0x000000001fb90000)]
  0x000000001d909800 JavaThread "pool-2-thread-3" [_thread_in_vm, id=48548, stack(0x000000001f990000,0x000000001fa90000)]
  0x000000001d906800 JavaThread "pool-2-thread-2" [_thread_in_Java, id=75912, stack(0x000000001f890000,0x000000001f990000)]
  0x000000001d81a000 JavaThread "pool-3-thread-1" [_thread_blocked, id=73900, stack(0x000000001f790000,0x000000001f890000)]
  0x000000001d8c5000 JavaThread "pool-2-thread-1" [_thread_blocked, id=71888, stack(0x000000001f690000,0x000000001f790000)]
  0x000000001d624800 JavaThread "Service Thread" daemon [_thread_blocked, id=75860, stack(0x000000001ec90000,0x000000001ed90000)]
  0x000000001d58e800 JavaThread "C1 CompilerThread3" daemon [_thread_in_native, id=72040, stack(0x000000001eb90000,0x000000001ec90000)]
=>0x000000001d588800 JavaThread "C2 CompilerThread2" daemon [_thread_in_native, id=68700, stack(0x000000001ea90000,0x000000001eb90000)]
  0x000000001d587800 JavaThread "C2 CompilerThread1" daemon [_thread_in_native, id=72684, stack(0x000000001e990000,0x000000001ea90000)]
  0x000000001d584800 JavaThread "C2 CompilerThread0" daemon [_thread_in_native, id=75476, stack(0x000000001e890000,0x000000001e990000)]
  0x00000000026a8000 JavaThread "Attach Listener" daemon [_thread_blocked, id=72220, stack(0x000000001e790000,0x000000001e890000)]
  0x00000000026a7000 JavaThread "Signal Dispatcher" daemon [_thread_blocked, id=73432, stack(0x000000001e690000,0x000000001e790000)]
  0x000000001c1d2000 JavaThread "Finalizer" daemon [_thread_blocked, id=75884, stack(0x000000001e4b0000,0x000000001e5b0000)]
  0x000000001c1cb000 JavaThread "Reference Handler" daemon [_thread_blocked, id=75880, stack(0x000000001e3b0000,0x000000001e4b0000)]
  0x00000000025b1000 JavaThread "main" [_thread_in_Java, id=76412, stack(0x00000000024b0000,0x00000000025b0000)]

Other Threads:
  0x000000001c1c8800 VMThread [stack: 0x000000001e2b0000,0x000000001e3b0000] [id=75816]
  0x000000001d63b800 WatcherThread [stack: 0x000000001ed90000,0x000000001ee90000] [id=76788]

VM state:not at safepoint (normal execution)

VM Mutex/Monitor currently owned by a thread: None

Heap:
 PSYoungGen      total 76288K, used 39323K [0x000000076ab00000, 0x0000000770000000, 0x00000007c0000000)
  eden space 65536K, 60% used [0x000000076ab00000,0x000000076d166d50,0x000000076eb00000)
  from space 10752K, 0% used [0x000000076f580000,0x000000076f580000,0x0000000770000000)
  to   space 10752K, 0% used [0x000000076eb00000,0x000000076eb00000,0x000000076f580000)
 ParOldGen       total 175104K, used 0K [0x00000006c0000000, 0x00000006cab00000, 0x000000076ab00000)
  object space 175104K, 0% used [0x00000006c0000000,0x00000006c0000000,0x00000006cab00000)
 Metaspace       used 5995K, capacity 6900K, committed 7040K, reserved 1056768K
  class space    used 602K, capacity 620K, committed 640K, reserved 1048576K

Card table byte_map: [0x0000000011a70000,0x0000000012280000] byte_map_base: 0x000000000e470000

Marking Bits: (ParMarkBitMap*) 0x0000000077cfa5b0
 Begin Bits: [0x0000000012fe0000, 0x0000000016fe0000)
 End Bits:   [0x0000000016fe0000, 0x000000001afe0000)

Polling page: 0x0000000000c80000

CodeCache: size=245760Kb used=4872Kb max_used=4872Kb free=240887Kb
 bounds [0x00000000026b0000, 0x0000000002b80000, 0x00000000116b0000]
 total_blobs=1512 nmethods=1245 adapters=181
 compilation: enabled

Compilation events (10 events):
Event: 1.209 Thread 0x000000001d58e800 1217       3       com.android.dx.cf.code.BasicBlocker::visitNoArgs (298 bytes)
Event: 1.210 Thread 0x000000001d584800 nmethod 1223 0x0000000002b63f10 code [0x0000000002b64080, 0x0000000002b64508]
Event: 1.210 Thread 0x000000001d584800 1222   !   4       com.android.dx.rop.code.BasicBlock::<init> (273 bytes)
Event: 1.210 Thread 0x000000001d58e800 nmethod 1217 0x0000000002b4e250 code [0x0000000002b4e4c0, 0x0000000002b4f298]
Event: 1.210 Thread 0x000000001d58e800 1216       3       java.util.HashMap$HashIterator::hasNext (13 bytes)
Event: 1.210 Thread 0x000000001d58e800 nmethod 1216 0x0000000002b4ded0 code [0x0000000002b4e020, 0x0000000002b4e1d0]
Event: 1.211 Thread 0x000000001d58e800 1198       3       com.android.dx.dex.file.ClassDataItem::addVirtualMethod (24 bytes)
Event: 1.212 Thread 0x000000001d58e800 nmethod 1198 0x0000000002b4d310 code [0x0000000002b4d4c0, 0x0000000002b4db58]
Event: 1.221 Thread 0x000000001d584800 nmethod 1222 0x0000000002b67cd0 code [0x0000000002b67e40, 0x0000000002b68498]
Event: 1.221 Thread 0x000000001d584800 1224   !   4       com.android.dx.cf.code.BytecodeArray::parseInstruction (2764 bytes)

GC Heap History (0 events):
No events

Deoptimization events (6 events):
Event: 0.642 Thread 0x000000001d906800 Uncommon trap: reason=unstable_if action=reinterpret pc=0x00000000028c3198 method=java.util.HashMap.getNode(ILjava/lang/Object;)Ljava/util/HashMap$Node; @ 129
Event: 0.745 Thread 0x00000000025b1000 Uncommon trap: reason=class_check action=maybe_recompile pc=0x00000000028d0cb0 method=com.android.dx.ssa.NormalSsaInsn.accept(Lcom/android/dx/ssa/SsaInsn$Visitor;)V @ 9
Event: 0.944 Thread 0x000000001d909800 Uncommon trap: reason=class_check action=maybe_recompile pc=0x000000000295e9b4 method=com.android.dx.ssa.NormalSsaInsn.accept(Lcom/android/dx/ssa/SsaInsn$Visitor;)V @ 9
Event: 0.944 Thread 0x000000001d909800 Uncommon trap: reason=class_check action=maybe_recompile pc=0x00000000028d0cb0 method=com.android.dx.ssa.NormalSsaInsn.accept(Lcom/android/dx/ssa/SsaInsn$Visitor;)V @ 9
Event: 0.944 Thread 0x000000001d909800 Uncommon trap: reason=class_check action=maybe_recompile pc=0x00000000028d0cb0 method=com.android.dx.ssa.NormalSsaInsn.accept(Lcom/android/dx/ssa/SsaInsn$Visitor;)V @ 9
Event: 1.013 Thread 0x000000001d909800 Uncommon trap: reason=class_check action=maybe_recompile pc=0x000000000295e9b4 method=com.android.dx.ssa.NormalSsaInsn.accept(Lcom/android/dx/ssa/SsaInsn$Visitor;)V @ 9

Internal exceptions (2 events):
Event: 0.066 Thread 0x00000000025b1000 Exception <a 'java/lang/NoSuchMethodError': Method sun.misc.Unsafe.defineClass(Ljava/lang/String;[BII)Ljava/lang/Class; name or signature does not match> (0x000000076ab12f40) thrown at [C:\re\workspace\8-2-build-windows-amd64-cygwin\jdk8u66\5298\hotspot\sr³˜Dƒýé°?
Event: 0.066 Thread 0x00000000025b1000 Exception <a 'java/lang/NoSuchMethodError': Method sun.misc.Unsafe.prefetchRead(Ljava/lang/Object;J)V name or signature does not match> (0x000000076ab13228) thrown at [C:\re\workspace\8-2-build-windows-amd64-cygwin\jdk8u66\5298\hotspot\src\share\vm\prims\j

Events (10 events):
Event: 0.975 loading class com/android/dx/dex/file/ParameterAnnotationStruct done
Event: 0.976 loading class com/android/dx/dex/file/UniformListItem
Event: 0.976 loading class com/android/dx/dex/file/UniformListItem done
Event: 0.976 loading class com/android/dx/dex/file/AnnotationSetRefItem
Event: 0.976 loading class com/android/dx/dex/file/AnnotationSetRefItem done
Event: 1.013 Thread 0x000000001d909800 Uncommon trap: trap_request=0xffffffde fr.pc=0x000000000295e9b4
Event: 1.013 Thread 0x000000001d909800 DEOPT PACKING pc=0x000000000295e9b4 sp=0x000000001fa8eeb0
Event: 1.013 Thread 0x000000001d909800 DEOPT UNPACKING pc=0x00000000026f582a sp=0x000000001fa8ee60 mode 2
Event: 1.019 loading class com/android/dx/cf/code/SwitchList
Event: 1.019 loading class com/android/dx/cf/code/SwitchList done


Dynamic libraries:
0x00007ff6490f0000 - 0x00007ff649127000 	C:\Program Files\Java\jdk1.8.0_66\bin\java.exe
0x00007ff95c820000 - 0x00007ff95c9e1000 	C:\WINDOWS\SYSTEM32\ntdll.dll
0x00007ff95c2a0000 - 0x00007ff95c34d000 	C:\WINDOWS\system32\KERNEL32.DLL
0x00007ff958ed0000 - 0x00007ff9590b8000 	C:\WINDOWS\system32\KERNELBASE.dll
0x00007ff95a960000 - 0x00007ff95aa07000 	C:\WINDOWS\system32\ADVAPI32.dll
0x00007ff95c1f0000 - 0x00007ff95c28d000 	C:\WINDOWS\system32\msvcrt.dll
0x00007ff95a900000 - 0x00007ff95a95b000 	C:\WINDOWS\system32\sechost.dll
0x00007ff959f90000 - 0x00007ff95a0ac000 	C:\WINDOWS\system32\RPCRT4.dll
0x00007ff959ce0000 - 0x00007ff959e36000 	C:\WINDOWS\system32\USER32.dll
0x00007ff95a470000 - 0x00007ff95a5f6000 	C:\WINDOWS\system32\GDI32.dll
0x00007ff950570000 - 0x00007ff9507e4000 	C:\WINDOWS\WinSxS\amd64_microsoft.windows.common-controls_6595b64144ccf1df_6.0.10586.0_none_8c15ae12515e1c22\COMCTL32.dll
0x00007ff95bf70000 - 0x00007ff95c1ed000 	C:\WINDOWS\system32\combase.dll
0x00007ff9594a0000 - 0x00007ff95950a000 	C:\WINDOWS\system32\bcryptPrimitives.dll
0x00007ff95c350000 - 0x00007ff95c38b000 	C:\WINDOWS\system32\IMM32.DLL
0x0000000077080000 - 0x0000000077152000 	C:\Program Files\Java\jdk1.8.0_66\jre\bin\msvcr100.dll
0x00000000774f0000 - 0x0000000077d79000 	C:\Program Files\Java\jdk1.8.0_66\jre\bin\server\jvm.dll
0x00007ff959cd0000 - 0x00007ff959cd8000 	C:\WINDOWS\system32\PSAPI.DLL
0x00007ff94e860000 - 0x00007ff94e869000 	C:\WINDOWS\SYSTEM32\WSOCK32.dll
0x00007ff95a110000 - 0x00007ff95a17b000 	C:\WINDOWS\system32\WS2_32.dll
0x00007ff956c90000 - 0x00007ff956cb3000 	C:\WINDOWS\SYSTEM32\WINMM.dll
0x00007ff956340000 - 0x00007ff95634a000 	C:\WINDOWS\SYSTEM32\VERSION.dll
0x00007ff956c30000 - 0x00007ff956c5c000 	C:\WINDOWS\SYSTEM32\WINMMBASE.dll
0x00007ff9593f0000 - 0x00007ff959433000 	C:\WINDOWS\system32\cfgmgr32.dll
0x0000000050040000 - 0x000000005004f000 	C:\Program Files\Java\jdk1.8.0_66\jre\bin\verify.dll
0x0000000050010000 - 0x0000000050039000 	C:\Program Files\Java\jdk1.8.0_66\jre\bin\java.dll
0x0000000077fe0000 - 0x0000000077ff6000 	C:\Program Files\Java\jdk1.8.0_66\jre\bin\zip.dll
0x00007ff95aa10000 - 0x00007ff95bf6c000 	C:\WINDOWS\system32\SHELL32.dll
0x00007ff959510000 - 0x00007ff959b54000 	C:\WINDOWS\system32\windows.storage.dll
0x00007ff95c390000 - 0x00007ff95c3e2000 	C:\WINDOWS\system32\shlwapi.dll
0x00007ff958e40000 - 0x00007ff958e4f000 	C:\WINDOWS\system32\kernel.appcore.dll
0x00007ff959b60000 - 0x00007ff959c15000 	C:\WINDOWS\system32\shcore.dll
0x00007ff958e80000 - 0x00007ff958ecb000 	C:\WINDOWS\system32\powrprof.dll
0x00007ff958e60000 - 0x00007ff958e74000 	C:\WINDOWS\system32\profapi.dll

VM Arguments:
jvm_args: -Djava.awt.headless=true -Xmx4g -Dfile.encoding=windows-1254 -Duser.country=TR -Duser.language=tr -Duser.variant 
java_command: com.android.dx.command.Main --dex --force-jumbo --num-threads=4 --multi-dex --output C:\Users\P C\AndroidStudioProjects\RestApp\app\build\intermediates\transforms\dex\debug\folders\1000\10\com.google.android.gms-play-services-ads-lite-9.0.0_a55d7dcd277b26717bced2343413c9df01118a90 C:\Users\P C\AndroidStudioProjects\RestApp\app\build\intermediates\exploded-aar\com.google.android.gms\play-services-ads-lite\9.0.0\jars\classes.jar
java_class_path (initial): C:\Android\sdk\build-tools\23.0.2\lib\dx.jar
Launcher Type: SUN_STANDARD

Environment Variables:
JAVA_HOME=C:\Program Files\Java\jdk1.8.0_66
PATH=C:\ProgramData\Oracle\Java\javapath;C:\WINDOWS\system32;C:\WINDOWS;C:\WINDOWS\System32\Wbem;C:\WINDOWS\System32\WindowsPowerShell\v1.0\;C:\Program Files (x86)\ATI Technologies\ATI.ACE\Core-Static;C:\Program Files\Java\jdk1.7.0_80\bin;C:\Program Files (x86)\Skype\Phone\;C:\Program Files\nodejs\;C:\Users\P C\AppData\Roaming\npm
USERNAME=P C
OS=Windows_NT
PROCESSOR_IDENTIFIER=AMD64 Family 21 Model 1 Stepping 2, AuthenticAMD



---------------  S Y S T E M  ---------------

OS: Windows 10.0 , 64 bit Build 10586 (10.0.10586.0)

CPU:total 8 (8 cores per cpu, 1 threads per core) family 21 model 1 stepping 2, cmov, cx8, fxsr, mmx, sse, sse2, sse3, ssse3, sse4.1, sse4.2, popcnt, avx, aes, clmul, mmxext, 3dnowpref, lzcnt, sse4a, tsc, tscinvbit, tscinv

Memory: 4k page, physical 16676424k(1880396k free), swap 67008072k(5944k free)

vm_info: Java HotSpot(TM) 64-Bit Server VM (25.66-b18) for windows-amd64 JRE (1.8.0_66-b18), built on Nov  9 2015 10:51:13 by "java_re" with MS VC++ 10.0 (VS2010)

time: Fri Jul 08 16:06:06 2016
elapsed time: 1 seconds (0d 0h 0m 1s)

