#
# There is insufficient memory for the Java Runtime Environment to continue.
# Native memory allocation (malloc) failed to allocate 543536 bytes for Chunk::new
# Possible reasons:
#   The system is out of physical RAM or swap space
#   In 32 bit mode, the process size limit was hit
# Possible solutions:
#   Reduce memory load on the system
#   Increase physical memory or swap space
#   Check if swap backing store is full
#   Use 64 bit Java on a 64 bit OS
#   Decrease Java heap size (-Xmx/-Xms)
#   Decrease number of Java threads
#   Decrease Java thread stack sizes (-Xss)
#   Set larger code cache with -XX:ReservedCodeCacheSize=
# This output file may be truncated or incomplete.
#
#  Out of Memory Error (allocation.cpp:390), pid=69524, tid=71068
#
# JRE version: Java(TM) SE Runtime Environment (8.0_66-b18) (build 1.8.0_66-b18)
# Java VM: Java HotSpot(TM) 64-Bit Server VM (25.66-b18 mixed mode windows-amd64 compressed oops)
# Failed to write core dump. Minidumps are not enabled by default on client versions of Windows
#

---------------  T H R E A D  ---------------

Current thread (0x000000001e86d000):  JavaThread "C2 CompilerThread1" daemon [_thread_in_native, id=71068, stack(0x000000001ef40000,0x000000001f040000)]

Stack: [0x000000001ef40000,0x000000001f040000]
[error occurred during error reporting (printing stack bounds), id 0xc0000005]

Native frames: (J=compiled Java code, j=interpreted, Vv=VM code, C=native code)


Current CompileTask:
C2:   2437 1705       4       com.android.dx.ssa.SsaBasicBlock::newFromRop (183 bytes)


---------------  P R O C E S S  ---------------

Java Threads: ( => current thread )
  0x000000001eb4e800 JavaThread "pool-2-thread-4" [_thread_blocked, id=65212, stack(0x0000000020040000,0x0000000020140000)]
  0x000000001eb4e000 JavaThread "pool-2-thread-3" [_thread_blocked, id=67664, stack(0x000000001ff40000,0x0000000020040000)]
  0x000000001eb47800 JavaThread "pool-2-thread-2" [_thread_blocked, id=68844, stack(0x000000001fe40000,0x000000001ff40000)]
  0x000000001eb3e800 JavaThread "pool-3-thread-1" [_thread_blocked, id=76092, stack(0x000000001fd40000,0x000000001fe40000)]
  0x000000001eb3e000 JavaThread "pool-2-thread-1" [_thread_in_vm, id=76108, stack(0x000000001fc40000,0x000000001fd40000)]
  0x000000001e88f000 JavaThread "Service Thread" daemon [_thread_blocked, id=76488, stack(0x000000001f240000,0x000000001f340000)]
  0x000000001e878000 JavaThread "C1 CompilerThread3" daemon [_thread_blocked, id=76164, stack(0x000000001f140000,0x000000001f240000)]
  0x000000001e86e000 JavaThread "C2 CompilerThread2" daemon [_thread_in_native, id=71780, stack(0x000000001f040000,0x000000001f140000)]
=>0x000000001e86d000 JavaThread "C2 CompilerThread1" daemon [_thread_in_native, id=71068, stack(0x000000001ef40000,0x000000001f040000)]
  0x000000001e86b000 JavaThread "C2 CompilerThread0" daemon [_thread_in_native, id=72572, stack(0x000000001ee40000,0x000000001ef40000)]
  0x000000001e868000 JavaThread "Attach Listener" daemon [_thread_blocked, id=72240, stack(0x000000001ed40000,0x000000001ee40000)]
  0x000000001e867000 JavaThread "Signal Dispatcher" daemon [_thread_blocked, id=72344, stack(0x000000001ec40000,0x000000001ed40000)]
  0x0000000002d4a800 JavaThread "Finalizer" daemon [_thread_blocked, id=76300, stack(0x000000001e740000,0x000000001e840000)]
  0x0000000002d44000 JavaThread "Reference Handler" daemon [_thread_blocked, id=74964, stack(0x000000001e640000,0x000000001e740000)]
  0x0000000002c51000 JavaThread "main" [_thread_in_Java, id=76340, stack(0x0000000002a50000,0x0000000002b50000)]

Other Threads:
  0x000000001c869000 VMThread [stack: 0x000000001e540000,0x000000001e640000] [id=70964]
  0x000000001e92a800 WatcherThread [stack: 0x000000001f340000,0x000000001f440000] [id=76576]

VM state:not at safepoint (normal execution)

VM Mutex/Monitor currently owned by a thread:  ([mutex/lock_event])
[0x0000000002c4bec0] AdapterHandlerLibrary_lock - owner thread: 0x000000001eb3e000

Heap:
 PSYoungGen      total 76288K, used 61961K [0x000000076ab00000, 0x0000000774000000, 0x00000007c0000000)
  eden space 65536K, 78% used [0x000000076ab00000,0x000000076dd05410,0x000000076eb00000)
  from space 10752K, 99% used [0x000000076eb00000,0x000000076f57d378,0x000000076f580000)
  to   space 10752K, 0% used [0x0000000773580000,0x0000000773580000,0x0000000774000000)
 ParOldGen       total 175104K, used 119K [0x00000006c0000000, 0x00000006cab00000, 0x000000076ab00000)
  object space 175104K, 0% used [0x00000006c0000000,0x00000006c001de58,0x00000006cab00000)
 Metaspace       used 6257K, capacity 7092K, committed 7296K, reserved 1056768K
  class space    used 603K, capacity 620K, committed 640K, reserved 1048576K

Card table byte_map: [0x0000000012110000,0x0000000012920000] byte_map_base: 0x000000000eb10000

Marking Bits: (ParMarkBitMap*) 0x0000000077cfa5b0
 Begin Bits: [0x0000000013680000, 0x0000000017680000)
 End Bits:   [0x0000000017680000, 0x000000001b680000)

Polling page: 0x0000000002980000

CodeCache: size=245760Kb used=6635Kb max_used=6652Kb free=239124Kb
 bounds [0x0000000002d50000, 0x00000000033e0000, 0x0000000011d50000]
 total_blobs=1937 nmethods=1670 adapters=181
 compilation: enabled

Compilation events (10 events):
Event: 2.353 Thread 0x000000001e86d000 nmethod 1639 0x0000000003386710 code [0x0000000003386860, 0x0000000003386908]
Event: 2.353 Thread 0x000000001e86d000 1616       4       com.android.dx.ssa.LiteralOpUpgrader::tryReplacingWithConstant (161 bytes)
Event: 2.383 Thread 0x000000001e878000 1708       1       com.android.dx.rop.cst.CstLong::getType (4 bytes)
Event: 2.384 Thread 0x000000001e878000 nmethod 1708 0x00000000033c6050 code [0x00000000033c61a0, 0x00000000033c62b0]
Event: 2.387 Thread 0x000000001e878000 1709       2       com.android.dx.cf.direct.DirectClassFile$DcfTypeList::getType (26 bytes)
Event: 2.388 Thread 0x000000001e878000 nmethod 1709 0x00000000033cff10 code [0x00000000033d0140, 0x00000000033d09c8]
Event: 2.388 Thread 0x000000001e878000 1710       2       com.android.dx.util.ByteArray::getByte (14 bytes)
Event: 2.388 Thread 0x000000001e878000 nmethod 1710 0x00000000033cfa90 code [0x00000000033cfc00, 0x00000000033cfdc8]
Event: 2.407 Thread 0x000000001e86d000 nmethod 1616 0x00000000033d4350 code [0x00000000033d4600, 0x00000000033d5d28]
Event: 2.407 Thread 0x000000001e86d000 1705       4       com.android.dx.ssa.SsaBasicBlock::newFromRop (183 bytes)

GC Heap History (2 events):
Event: 1.867 GC heap before
{Heap before GC invocations=1 (full 0):
 PSYoungGen      total 76288K, used 65536K [0x000000076ab00000, 0x0000000770000000, 0x00000007c0000000)
  eden space 65536K, 100% used [0x000000076ab00000,0x000000076eb00000,0x000000076eb00000)
  from space 10752K, 0% used [0x000000076f580000,0x000000076f580000,0x0000000770000000)
  to   space 10752K, 0% used [0x000000076eb00000,0x000000076eb00000,0x000000076f580000)
 ParOldGen       total 175104K, used 0K [0x00000006c0000000, 0x00000006cab00000, 0x000000076ab00000)
  object space 175104K, 0% used [0x00000006c0000000,0x00000006c0000000,0x00000006cab00000)
 Metaspace       used 6141K, capacity 7028K, committed 7296K, reserved 1056768K
  class space    used 599K, capacity 620K, committed 640K, reserved 1048576K
Event: 1.952 GC heap after
Heap after GC invocations=1 (full 0):
 PSYoungGen      total 76288K, used 10740K [0x000000076ab00000, 0x0000000774000000, 0x00000007c0000000)
  eden space 65536K, 0% used [0x000000076ab00000,0x000000076ab00000,0x000000076eb00000)
  from space 10752K, 99% used [0x000000076eb00000,0x000000076f57d378,0x000000076f580000)
  to   space 10752K, 0% used [0x0000000773580000,0x0000000773580000,0x0000000774000000)
 ParOldGen       total 175104K, used 119K [0x00000006c0000000, 0x00000006cab00000, 0x000000076ab00000)
  object space 175104K, 0% used [0x00000006c0000000,0x00000006c001de58,0x00000006cab00000)
 Metaspace       used 6141K, capacity 7028K, committed 7296K, reserved 1056768K
  class space    used 599K, capacity 620K, committed 640K, reserved 1048576K
}

Deoptimization events (10 events):
Event: 1.979 Thread 0x000000001eb4e800 Uncommon trap: reason=bimorphic action=maybe_recompile pc=0x0000000002f9bcdc method=java.util.HashMap.getNode(ILjava/lang/Object;)Ljava/util/HashMap$Node; @ 126
Event: 2.026 Thread 0x000000001eb4e000 Uncommon trap: reason=unstable_if action=reinterpret pc=0x00000000032accd8 method=com.android.dx.ssa.MoveParamCombiner$1.visitNonMoveInsn(Lcom/android/dx/ssa/NormalSsaInsn;)V @ 27
Event: 2.039 Thread 0x000000001eb47800 Uncommon trap: reason=bimorphic action=maybe_recompile pc=0x0000000002f9bcdc method=java.util.HashMap.getNode(ILjava/lang/Object;)Ljava/util/HashMap$Node; @ 126
Event: 2.081 Thread 0x000000001eb4e800 Uncommon trap: reason=unstable_if action=reinterpret pc=0x00000000032d1a4c method=com.android.dx.ssa.LiteralOpUpgrader$1.visitNonMoveInsn(Lcom/android/dx/ssa/NormalSsaInsn;)V @ 55
Event: 2.082 Thread 0x000000001eb4e800 Uncommon trap: reason=unstable_if action=reinterpret pc=0x00000000030b515c method=com.android.dx.ssa.SsaMethod.updateOneDefinition(Lcom/android/dx/ssa/SsaInsn;Lcom/android/dx/rop/code/RegisterSpec;)V @ 4
Event: 2.210 Thread 0x000000001eb4e000 Uncommon trap: reason=bimorphic action=maybe_recompile pc=0x00000000031de418 method=java.util.HashMap.getNode(ILjava/lang/Object;)Ljava/util/HashMap$Node; @ 126
Event: 2.210 Thread 0x000000001eb4e000 Uncommon trap: reason=class_check action=maybe_recompile pc=0x00000000031693a8 method=java.util.HashMap.putVal(ILjava/lang/Object;Ljava/lang/Object;ZZ)Ljava/lang/Object; @ 203
Event: 2.221 Thread 0x000000001eb4e000 Uncommon trap: reason=class_check action=maybe_recompile pc=0x00000000031693a8 method=java.util.HashMap.putVal(ILjava/lang/Object;Ljava/lang/Object;ZZ)Ljava/lang/Object; @ 203
Event: 2.221 Thread 0x000000001eb4e000 Uncommon trap: reason=class_check action=maybe_recompile pc=0x00000000031693a8 method=java.util.HashMap.putVal(ILjava/lang/Object;Ljava/lang/Object;ZZ)Ljava/lang/Object; @ 203
Event: 2.393 Thread 0x000000001eb4e000 Uncommon trap: reason=unstable_if action=reinterpret pc=0x0000000003024454 method=java.util.HashMap.putVal(ILjava/lang/Object;Ljava/lang/Object;ZZ)Ljava/lang/Object; @ 162

Internal exceptions (2 events):
Event: 0.065 Thread 0x0000000002c51000 Exception <a 'java/lang/NoSuchMethodError': Method sun.misc.Unsafe.defineClass(Ljava/lang/String;[BII)Ljava/lang/Class; name or signature does not match> (0x000000076ab12ed8) thrown at [C:\re\workspace\8-2-build-windows-amd64-cygwin\jdk8u66\5298\hotspot\srÿ(∞@dó∞?
Event: 0.065 Thread 0x0000000002c51000 Exception <a 'java/lang/NoSuchMethodError': Method sun.misc.Unsafe.prefetchRead(Ljava/lang/Object;J)V name or signature does not match> (0x000000076ab131c0) thrown at [C:\re\workspace\8-2-build-windows-amd64-cygwin\jdk8u66\5298\hotspot\src\share\vm\prims\j

Events (10 events):
Event: 2.221 Thread 0x000000001eb4e000 DEOPT UNPACKING pc=0x0000000002d9582a sp=0x000000002003e6f8 mode 2
Event: 2.288 Thread 0x000000001eb47800 DEOPT PACKING pc=0x000000000313bdd4 sp=0x000000001ff3ed10
Event: 2.288 Thread 0x000000001eb47800 DEOPT UNPACKING pc=0x0000000002d9747f sp=0x000000001ff3ea90 mode 0
Event: 2.340 Thread 0x0000000002c51000 DEOPT PACKING pc=0x000000000313bdd4 sp=0x0000000002b4e3f0
Event: 2.340 Thread 0x0000000002c51000 DEOPT UNPACKING pc=0x0000000002d9747f sp=0x0000000002b4e170 mode 0
Event: 2.340 Thread 0x0000000002c51000 DEOPT PACKING pc=0x000000000317717b sp=0x0000000002b4e340
Event: 2.340 Thread 0x0000000002c51000 DEOPT UNPACKING pc=0x0000000002d9747f sp=0x0000000002b4e150 mode 0
Event: 2.393 Thread 0x000000001eb4e000 Uncommon trap: trap_request=0xffffff65 fr.pc=0x0000000003024454
Event: 2.393 Thread 0x000000001eb4e000 DEOPT PACKING pc=0x0000000003024454 sp=0x000000002003e0a0
Event: 2.393 Thread 0x000000001eb4e000 DEOPT UNPACKING pc=0x0000000002d9582a sp=0x000000002003df30 mode 2


Dynamic libraries:
0x00007ff6490f0000 - 0x00007ff649127000 	C:\Program Files\Java\jdk1.8.0_66\bin\java.exe
0x00007ff95c820000 - 0x00007ff95c9e1000 	C:\WINDOWS\SYSTEM32\ntdll.dll
0x00007ff95c2a0000 - 0x00007ff95c34d000 	C:\WINDOWS\system32\KERNEL32.DLL
0x00007ff958ed0000 - 0x00007ff9590b8000 	C:\WINDOWS\system32\KERNELBASE.dll
0x00007ff95a960000 - 0x00007ff95aa07000 	C:\WINDOWS\system32\ADVAPI32.dll
0x00007ff95c1f0000 - 0x00007ff95c28d000 	C:\WINDOWS\system32\msvcrt.dll
0x00007ff95a900000 - 0x00007ff95a95b000 	C:\WINDOWS\system32\sechost.dll
0x00007ff959f90000 - 0x00007ff95a0ac000 	C:\WINDOWS\system32\RPCRT4.dll
0x00007ff959ce0000 - 0x00007ff959e36000 	C:\WINDOWS\system32\USER32.dll
0x00007ff95a470000 - 0x00007ff95a5f6000 	C:\WINDOWS\system32\GDI32.dll
0x00007ff950570000 - 0x00007ff9507e4000 	C:\WINDOWS\WinSxS\amd64_microsoft.windows.common-controls_6595b64144ccf1df_6.0.10586.0_none_8c15ae12515e1c22\COMCTL32.dll
0x00007ff95bf70000 - 0x00007ff95c1ed000 	C:\WINDOWS\system32\combase.dll
0x00007ff9594a0000 - 0x00007ff95950a000 	C:\WINDOWS\system32\bcryptPrimitives.dll
0x00007ff95c350000 - 0x00007ff95c38b000 	C:\WINDOWS\system32\IMM32.DLL
0x0000000077080000 - 0x0000000077152000 	C:\Program Files\Java\jdk1.8.0_66\jre\bin\msvcr100.dll
0x00000000774f0000 - 0x0000000077d79000 	C:\Program Files\Java\jdk1.8.0_66\jre\bin\server\jvm.dll
0x00007ff959cd0000 - 0x00007ff959cd8000 	C:\WINDOWS\system32\PSAPI.DLL
0x00007ff94e860000 - 0x00007ff94e869000 	C:\WINDOWS\SYSTEM32\WSOCK32.dll
0x00007ff95a110000 - 0x00007ff95a17b000 	C:\WINDOWS\system32\WS2_32.dll
0x00007ff956c90000 - 0x00007ff956cb3000 	C:\WINDOWS\SYSTEM32\WINMM.dll
0x00007ff956340000 - 0x00007ff95634a000 	C:\WINDOWS\SYSTEM32\VERSION.dll
0x00007ff956c30000 - 0x00007ff956c5c000 	C:\WINDOWS\SYSTEM32\WINMMBASE.dll
0x00007ff9593f0000 - 0x00007ff959433000 	C:\WINDOWS\system32\cfgmgr32.dll
0x0000000050040000 - 0x000000005004f000 	C:\Program Files\Java\jdk1.8.0_66\jre\bin\verify.dll
0x0000000050010000 - 0x0000000050039000 	C:\Program Files\Java\jdk1.8.0_66\jre\bin\java.dll
0x0000000077fe0000 - 0x0000000077ff6000 	C:\Program Files\Java\jdk1.8.0_66\jre\bin\zip.dll
0x00007ff95aa10000 - 0x00007ff95bf6c000 	C:\WINDOWS\system32\SHELL32.dll
0x00007ff959510000 - 0x00007ff959b54000 	C:\WINDOWS\system32\windows.storage.dll
0x00007ff95c390000 - 0x00007ff95c3e2000 	C:\WINDOWS\system32\shlwapi.dll
0x00007ff958e40000 - 0x00007ff958e4f000 	C:\WINDOWS\system32\kernel.appcore.dll
0x00007ff959b60000 - 0x00007ff959c15000 	C:\WINDOWS\system32\shcore.dll
0x00007ff958e80000 - 0x00007ff958ecb000 	C:\WINDOWS\system32\powrprof.dll
0x00007ff958e60000 - 0x00007ff958e74000 	C:\WINDOWS\system32\profapi.dll

VM Arguments:
jvm_args: -Djava.awt.headless=true -Xmx4g -Dfile.encoding=windows-1254 -Duser.country=TR -Duser.language=tr -Duser.variant 
java_command: com.android.dx.command.Main --dex --force-jumbo --num-threads=4 --multi-dex --output C:\Users\P C\AndroidStudioProjects\RestApp\app\build\intermediates\transforms\dex\debug\folders\1000\10\com.google.android.gms-play-services-cast-9.0.0_4e580e0f1a1bf3fd5038f22a98c6a3b965274927 C:\Users\P C\AndroidStudioProjects\RestApp\app\build\intermediates\exploded-aar\com.google.android.gms\play-services-cast\9.0.0\jars\classes.jar
java_class_path (initial): C:\Android\sdk\build-tools\23.0.2\lib\dx.jar
Launcher Type: SUN_STANDARD

Environment Variables:
JAVA_HOME=C:\Program Files\Java\jdk1.8.0_66
PATH=C:\ProgramData\Oracle\Java\javapath;C:\WINDOWS\system32;C:\WINDOWS;C:\WINDOWS\System32\Wbem;C:\WINDOWS\System32\WindowsPowerShell\v1.0\;C:\Program Files (x86)\ATI Technologies\ATI.ACE\Core-Static;C:\Program Files\Java\jdk1.7.0_80\bin;C:\Program Files (x86)\Skype\Phone\;C:\Program Files\nodejs\;C:\Users\P C\AppData\Roaming\npm
USERNAME=P C
OS=Windows_NT
PROCESSOR_IDENTIFIER=AMD64 Family 21 Model 1 Stepping 2, AuthenticAMD



---------------  S Y S T E M  ---------------

OS: Windows 10.0 , 64 bit Build 10586 (10.0.10586.0)

CPU:total 8 (8 cores per cpu, 1 threads per core) family 21 model 1 stepping 2, cmov, cx8, fxsr, mmx, sse, sse2, sse3, ssse3, sse4.1, sse4.2, popcnt, avx, aes, clmul, mmxext, 3dnowpref, lzcnt, sse4a, tsc, tscinvbit, tscinv

Memory: 4k page, physical 16676424k(2412280k free), swap 67008072k(5804k free)

vm_info: Java HotSpot(TM) 64-Bit Server VM (25.66-b18) for windows-amd64 JRE (1.8.0_66-b18), built on Nov  9 2015 10:51:13 by "java_re" with MS VC++ 10.0 (VS2010)

time: Fri Jul 08 16:06:26 2016
elapsed time: 2 seconds (0d 0h 0m 2s)

