#
# There is insufficient memory for the Java Runtime Environment to continue.
# Native memory allocation (malloc) failed to allocate 525072 bytes for Chunk::new
# Possible reasons:
#   The system is out of physical RAM or swap space
#   In 32 bit mode, the process size limit was hit
# Possible solutions:
#   Reduce memory load on the system
#   Increase physical memory or swap space
#   Check if swap backing store is full
#   Use 64 bit Java on a 64 bit OS
#   Decrease Java heap size (-Xmx/-Xms)
#   Decrease number of Java threads
#   Decrease Java thread stack sizes (-Xss)
#   Set larger code cache with -XX:ReservedCodeCacheSize=
# This output file may be truncated or incomplete.
#
#  Out of Memory Error (allocation.cpp:390), pid=76152, tid=76768
#
# JRE version: Java(TM) SE Runtime Environment (8.0_66-b18) (build 1.8.0_66-b18)
# Java VM: Java HotSpot(TM) 64-Bit Server VM (25.66-b18 mixed mode windows-amd64 compressed oops)
# Failed to write core dump. Minidumps are not enabled by default on client versions of Windows
#

---------------  T H R E A D  ---------------

Current thread (0x000000001e2aa800):  JavaThread "C2 CompilerThread0" daemon [_thread_in_native, id=76768, stack(0x000000001e880000,0x000000001e980000)]

Stack: [0x000000001e880000,0x000000001e980000]
[error occurred during error reporting (printing stack bounds), id 0xc0000005]

Native frames: (J=compiled Java code, j=interpreted, Vv=VM code, C=native code)


Current CompileTask:
C2:   3900 1696 %     4       com.android.dx.ssa.SsaConverter::placePhiFunctions @ 131 (394 bytes)


---------------  P R O C E S S  ---------------

Java Threads: ( => current thread )
  0x000000001e556800 JavaThread "pool-2-thread-4" [_thread_blocked, id=76340, stack(0x000000001fa80000,0x000000001fb80000)]
  0x000000001e555000 JavaThread "pool-2-thread-3" [_thread_blocked, id=72760, stack(0x000000001f980000,0x000000001fa80000)]
  0x000000001e60d000 JavaThread "pool-2-thread-2" [_thread_blocked, id=76084, stack(0x000000001f880000,0x000000001f980000)]
  0x000000001e60a000 JavaThread "pool-3-thread-1" [_thread_blocked, id=75644, stack(0x000000001f780000,0x000000001f880000)]
  0x000000001e609800 JavaThread "pool-2-thread-1" [_thread_in_Java, id=76096, stack(0x000000001f680000,0x000000001f780000)]
  0x000000001e34f800 JavaThread "Service Thread" daemon [_thread_blocked, id=75932, stack(0x000000001ec80000,0x000000001ed80000)]
  0x000000001e2ba000 JavaThread "C1 CompilerThread3" daemon [_thread_in_vm, id=76780, stack(0x000000001eb80000,0x000000001ec80000)]
  0x000000001e2b4000 JavaThread "C2 CompilerThread2" daemon [_thread_in_native, id=76776, stack(0x000000001ea80000,0x000000001eb80000)]
  0x000000001e2ae000 JavaThread "C2 CompilerThread1" daemon [_thread_in_native, id=76772, stack(0x000000001e980000,0x000000001ea80000)]
=>0x000000001e2aa800 JavaThread "C2 CompilerThread0" daemon [_thread_in_native, id=76768, stack(0x000000001e880000,0x000000001e980000)]
  0x000000001e2a7800 JavaThread "Attach Listener" daemon [_thread_blocked, id=76764, stack(0x000000001e780000,0x000000001e880000)]
  0x000000001e2a6800 JavaThread "Signal Dispatcher" daemon [_thread_blocked, id=76524, stack(0x000000001e680000,0x000000001e780000)]
  0x00000000026b3000 JavaThread "Finalizer" daemon [_thread_blocked, id=71236, stack(0x000000001e0a0000,0x000000001e1a0000)]
  0x00000000026b2000 JavaThread "Reference Handler" daemon [_thread_blocked, id=75800, stack(0x000000001dfa0000,0x000000001e0a0000)]
  0x00000000025c1000 JavaThread "main" [_thread_blocked, id=46916, stack(0x00000000024c0000,0x00000000025c0000)]

Other Threads:
  0x000000001c1d9000 VMThread [stack: 0x000000001dea0000,0x000000001dfa0000] [id=75908]
  0x000000001e36f000 WatcherThread [stack: 0x000000001ed80000,0x000000001ee80000] [id=75864]

VM state:not at safepoint (normal execution)

VM Mutex/Monitor currently owned by a thread:  ([mutex/lock_event])
[0x00000000024bd370] Compile_lock - owner thread: 0x0000000000000000

Heap:
 PSYoungGen      total 76288K, used 42128K [0x000000076ab00000, 0x0000000770000000, 0x00000007c0000000)
  eden space 65536K, 49% used [0x000000076ab00000,0x000000076caa18b8,0x000000076eb00000)
  from space 10752K, 90% used [0x000000076eb00000,0x000000076f482760,0x000000076f580000)
  to   space 10752K, 0% used [0x000000076f580000,0x000000076f580000,0x0000000770000000)
 ParOldGen       total 175104K, used 8K [0x00000006c0000000, 0x00000006cab00000, 0x000000076ab00000)
  object space 175104K, 0% used [0x00000006c0000000,0x00000006c0002000,0x00000006cab00000)
 Metaspace       used 6245K, capacity 7092K, committed 7296K, reserved 1056768K
  class space    used 605K, capacity 620K, committed 640K, reserved 1048576K

Card table byte_map: [0x0000000011a80000,0x0000000012290000] byte_map_base: 0x000000000e480000

Marking Bits: (ParMarkBitMap*) 0x0000000077cfa5b0
 Begin Bits: [0x0000000012ff0000, 0x0000000016ff0000)
 End Bits:   [0x0000000016ff0000, 0x000000001aff0000)

Polling page: 0x0000000000c70000

CodeCache: size=245760Kb used=7398Kb max_used=7398Kb free=238362Kb
 bounds [0x00000000026c0000, 0x0000000002e10000, 0x00000000116c0000]
 total_blobs=2001 nmethods=1733 adapters=182
 compilation: enabled

Compilation events (10 events):
Event: 3.851 Thread 0x000000001e2ba000 1737       3       com.android.dx.cf.code.ExecutionStack::clear (40 bytes)
Event: 3.852 Thread 0x000000001e2ba000 nmethod 1737 0x0000000002df2790 code [0x0000000002df2940, 0x0000000002df2ec8]
Event: 3.852 Thread 0x000000001e2ba000 1738       3       com.android.dx.cf.code.Ropper$CatchInfo::getSetup (53 bytes)
Event: 3.853 Thread 0x000000001e2ba000 nmethod 1738 0x0000000002df3150 code [0x0000000002df3320, 0x0000000002df3a28]
Event: 3.855 Thread 0x000000001e2ba000 1739       3       com.android.dx.ssa.SCCP::simulateStmt (481 bytes)
Event: 3.857 Thread 0x000000001e2ba000 nmethod 1739 0x0000000002df3d90 code [0x0000000002df40c0, 0x0000000002df60b8]
Event: 3.867 Thread 0x000000001e2ba000 1740       3       com.android.dx.rop.code.BasicBlockList::preferredSuccessorOf (77 bytes)
Event: 3.868 Thread 0x000000001e2ba000 nmethod 1740 0x0000000002df7210 code [0x0000000002df73c0, 0x0000000002df7ae8]
Event: 3.868 Thread 0x000000001e2ba000 1741       3       com.android.dx.cf.attrib.RawAttribute::byteLength (11 bytes)
Event: 3.868 Thread 0x000000001e2ba000 nmethod 1741 0x0000000002df7c90 code [0x0000000002df7de0, 0x0000000002df7fd0]

GC Heap History (2 events):
Event: 2.618 GC heap before
{Heap before GC invocations=1 (full 0):
 PSYoungGen      total 76288K, used 65536K [0x000000076ab00000, 0x0000000770000000, 0x00000007c0000000)
  eden space 65536K, 100% used [0x000000076ab00000,0x000000076eb00000,0x000000076eb00000)
  from space 10752K, 0% used [0x000000076f580000,0x000000076f580000,0x0000000770000000)
  to   space 10752K, 0% used [0x000000076eb00000,0x000000076eb00000,0x000000076f580000)
 ParOldGen       total 175104K, used 0K [0x00000006c0000000, 0x00000006cab00000, 0x000000076ab00000)
  object space 175104K, 0% used [0x00000006c0000000,0x00000006c0000000,0x00000006cab00000)
 Metaspace       used 6187K, capacity 7092K, committed 7296K, reserved 1056768K
  class space    used 605K, capacity 620K, committed 640K, reserved 1048576K
Event: 2.902 GC heap after
Heap after GC invocations=1 (full 0):
 PSYoungGen      total 76288K, used 9737K [0x000000076ab00000, 0x0000000770000000, 0x00000007c0000000)
  eden space 65536K, 0% used [0x000000076ab00000,0x000000076ab00000,0x000000076eb00000)
  from space 10752K, 90% used [0x000000076eb00000,0x000000076f482760,0x000000076f580000)
  to   space 10752K, 0% used [0x000000076f580000,0x000000076f580000,0x0000000770000000)
 ParOldGen       total 175104K, used 8K [0x00000006c0000000, 0x00000006cab00000, 0x000000076ab00000)
  object space 175104K, 0% used [0x00000006c0000000,0x00000006c0002000,0x00000006cab00000)
 Metaspace       used 6187K, capacity 7092K, committed 7296K, reserved 1056768K
  class space    used 605K, capacity 620K, committed 640K, reserved 1048576K
}

Deoptimization events (10 events):
Event: 1.968 Thread 0x00000000025c1000 Uncommon trap: reason=unstable_if action=reinterpret pc=0x0000000002a8dc14 method=com.android.dx.ssa.SsaRenamer$BlockRenamer.addMapping(ILcom/android/dx/rop/code/RegisterSpec;)V @ 120
Event: 3.760 Thread 0x000000001e555000 Uncommon trap: reason=unstable_if action=reinterpret pc=0x0000000002c68354 method=com.android.dx.ssa.SCCP.simulateBranch(Lcom/android/dx/ssa/SsaInsn;)V @ 64
Event: 3.764 Thread 0x000000001e555000 Uncommon trap: reason=bimorphic action=maybe_recompile pc=0x0000000002bab04c method=com.android.dx.cf.code.BytecodeArray.parseInstruction(ILcom/android/dx/cf/code/BytecodeArray$Visitor;)I @ 2484
Event: 3.764 Thread 0x000000001e555000 Uncommon trap: reason=bimorphic action=maybe_recompile pc=0x0000000002bab04c method=com.android.dx.cf.code.BytecodeArray.parseInstruction(ILcom/android/dx/cf/code/BytecodeArray$Visitor;)I @ 2484
Event: 3.764 Thread 0x000000001e60d000 Uncommon trap: reason=unstable_if action=reinterpret pc=0x0000000002c0d128 method=com.android.dx.ssa.SsaRenamer$BlockRenamer.addMapping(ILcom/android/dx/rop/code/RegisterSpec;)V @ 120
Event: 3.764 Thread 0x000000001e555000 Uncommon trap: reason=bimorphic action=maybe_recompile pc=0x0000000002bab04c method=com.android.dx.cf.code.BytecodeArray.parseInstruction(ILcom/android/dx/cf/code/BytecodeArray$Visitor;)I @ 2484
Event: 3.764 Thread 0x000000001e555000 Uncommon trap: reason=bimorphic action=maybe_recompile pc=0x0000000002bab04c method=com.android.dx.cf.code.BytecodeArray.parseInstruction(ILcom/android/dx/cf/code/BytecodeArray$Visitor;)I @ 2484
Event: 3.828 Thread 0x000000001e60d000 Uncommon trap: reason=unstable_if action=reinterpret pc=0x0000000002c06a98 method=com.android.dx.ssa.MoveParamCombiner$1.visitNonMoveInsn(Lcom/android/dx/ssa/NormalSsaInsn;)V @ 27
Event: 3.855 Thread 0x000000001e609800 Uncommon trap: reason=unstable_if action=reinterpret pc=0x0000000002b50c64 method=com.android.dx.ssa.SCCP.simulateStmt(Lcom/android/dx/ssa/SsaInsn;)V @ 53
Event: 3.864 Thread 0x000000001e609800 Uncommon trap: reason=unstable_if action=reinterpret pc=0x0000000002cf4124 method=com.android.dx.rop.code.BasicBlockList.preferredSuccessorOf(Lcom/android/dx/rop/code/BasicBlock;)Lcom/android/dx/rop/code/BasicBlock; @ 58

Internal exceptions (5 events):
Event: 0.083 Thread 0x00000000025c1000 Exception <a 'java/lang/NoSuchMethodError': Method sun.misc.Unsafe.defineClass(Ljava/lang/String;[BII)Ljava/lang/Class; name or signature does not match> (0x000000076ab12e70) thrown at [C:\re\workspace\8-2-build-windows-amd64-cygwin\jdk8u66\5298\hotspot\srÀoM<µ?
Event: 0.083 Thread 0x00000000025c1000 Exception <a 'java/lang/NoSuchMethodError': Method sun.misc.Unsafe.prefetchRead(Ljava/lang/Object;J)V name or signature does not match> (0x000000076ab13158) thrown at [C:\re\workspace\8-2-build-windows-amd64-cygwin\jdk8u66\5298\hotspot\src\share\vm\prims\jÏÚ±‘¡ð?
Event: 1.003 Thread 0x000000001e556800 Implicit null exception at 0x00000000029e8222 to 0x00000000029e9ebd
Event: 1.003 Thread 0x000000001e556800 Implicit null exception at 0x00000000029c2095 to 0x00000000029c3a61
Event: 1.377 Thread 0x000000001e555000 Implicit null exception at 0x00000000029e4062 to 0x00000000029e415a

Events (10 events):
Event: 3.828 Thread 0x000000001e60d000 DEOPT PACKING pc=0x0000000002c06a98 sp=0x000000001f97e500
Event: 3.828 Thread 0x000000001e60d000 DEOPT UNPACKING pc=0x000000000270582a sp=0x000000001f97e458 mode 2
Event: 3.855 Thread 0x000000001e609800 Uncommon trap: trap_request=0xffffff65 fr.pc=0x0000000002b50c64
Event: 3.855 Thread 0x000000001e609800 DEOPT PACKING pc=0x0000000002b50c64 sp=0x000000001f77e5f0
Event: 3.855 Thread 0x000000001e609800 DEOPT UNPACKING pc=0x000000000270582a sp=0x000000001f77e5a8 mode 2
Event: 3.863 Thread 0x000000001e609800 DEOPT PACKING pc=0x0000000002ad8b5c sp=0x000000001f77e530
Event: 3.863 Thread 0x000000001e609800 DEOPT UNPACKING pc=0x000000000270747f sp=0x000000001f77e2b0 mode 0
Event: 3.864 Thread 0x000000001e609800 Uncommon trap: trap_request=0xffffff65 fr.pc=0x0000000002cf4124
Event: 3.864 Thread 0x000000001e609800 DEOPT PACKING pc=0x0000000002cf4124 sp=0x000000001f77e7f0
Event: 3.864 Thread 0x000000001e609800 DEOPT UNPACKING pc=0x000000000270582a sp=0x000000001f77e778 mode 2


Dynamic libraries:
0x00007ff6490f0000 - 0x00007ff649127000 	C:\Program Files\Java\jdk1.8.0_66\bin\java.exe
0x00007ff95c820000 - 0x00007ff95c9e1000 	C:\WINDOWS\SYSTEM32\ntdll.dll
0x00007ff95c2a0000 - 0x00007ff95c34d000 	C:\WINDOWS\system32\KERNEL32.DLL
0x00007ff958ed0000 - 0x00007ff9590b8000 	C:\WINDOWS\system32\KERNELBASE.dll
0x00007ff95a960000 - 0x00007ff95aa07000 	C:\WINDOWS\system32\ADVAPI32.dll
0x00007ff95c1f0000 - 0x00007ff95c28d000 	C:\WINDOWS\system32\msvcrt.dll
0x00007ff95a900000 - 0x00007ff95a95b000 	C:\WINDOWS\system32\sechost.dll
0x00007ff959f90000 - 0x00007ff95a0ac000 	C:\WINDOWS\system32\RPCRT4.dll
0x00007ff959ce0000 - 0x00007ff959e36000 	C:\WINDOWS\system32\USER32.dll
0x00007ff95a470000 - 0x00007ff95a5f6000 	C:\WINDOWS\system32\GDI32.dll
0x00007ff950570000 - 0x00007ff9507e4000 	C:\WINDOWS\WinSxS\amd64_microsoft.windows.common-controls_6595b64144ccf1df_6.0.10586.0_none_8c15ae12515e1c22\COMCTL32.dll
0x00007ff95bf70000 - 0x00007ff95c1ed000 	C:\WINDOWS\system32\combase.dll
0x00007ff9594a0000 - 0x00007ff95950a000 	C:\WINDOWS\system32\bcryptPrimitives.dll
0x00007ff95c350000 - 0x00007ff95c38b000 	C:\WINDOWS\system32\IMM32.DLL
0x0000000077080000 - 0x0000000077152000 	C:\Program Files\Java\jdk1.8.0_66\jre\bin\msvcr100.dll
0x00000000774f0000 - 0x0000000077d79000 	C:\Program Files\Java\jdk1.8.0_66\jre\bin\server\jvm.dll
0x00007ff959cd0000 - 0x00007ff959cd8000 	C:\WINDOWS\system32\PSAPI.DLL
0x00007ff94e860000 - 0x00007ff94e869000 	C:\WINDOWS\SYSTEM32\WSOCK32.dll
0x00007ff95a110000 - 0x00007ff95a17b000 	C:\WINDOWS\system32\WS2_32.dll
0x00007ff956c90000 - 0x00007ff956cb3000 	C:\WINDOWS\SYSTEM32\WINMM.dll
0x00007ff956340000 - 0x00007ff95634a000 	C:\WINDOWS\SYSTEM32\VERSION.dll
0x00007ff956c30000 - 0x00007ff956c5c000 	C:\WINDOWS\SYSTEM32\WINMMBASE.dll
0x00007ff9593f0000 - 0x00007ff959433000 	C:\WINDOWS\system32\cfgmgr32.dll
0x0000000050040000 - 0x000000005004f000 	C:\Program Files\Java\jdk1.8.0_66\jre\bin\verify.dll
0x0000000050010000 - 0x0000000050039000 	C:\Program Files\Java\jdk1.8.0_66\jre\bin\java.dll
0x0000000077fe0000 - 0x0000000077ff6000 	C:\Program Files\Java\jdk1.8.0_66\jre\bin\zip.dll
0x00007ff95aa10000 - 0x00007ff95bf6c000 	C:\WINDOWS\system32\SHELL32.dll
0x00007ff959510000 - 0x00007ff959b54000 	C:\WINDOWS\system32\windows.storage.dll
0x00007ff95c390000 - 0x00007ff95c3e2000 	C:\WINDOWS\system32\shlwapi.dll
0x00007ff958e40000 - 0x00007ff958e4f000 	C:\WINDOWS\system32\kernel.appcore.dll
0x00007ff959b60000 - 0x00007ff959c15000 	C:\WINDOWS\system32\shcore.dll
0x00007ff958e80000 - 0x00007ff958ecb000 	C:\WINDOWS\system32\powrprof.dll
0x00007ff958e60000 - 0x00007ff958e74000 	C:\WINDOWS\system32\profapi.dll

VM Arguments:
jvm_args: -Djava.awt.headless=true -Xmx4g -Dfile.encoding=windows-1254 -Duser.country=TR -Duser.language=tr -Duser.variant 
java_command: com.android.dx.command.Main --dex --force-jumbo --num-threads=4 --multi-dex --output C:\Users\P C\AndroidStudioProjects\RestApp\app\build\intermediates\transforms\dex\debug\folders\1000\10\com.facebook.android-facebook-android-sdk-4.13.2_4326b64e283dc297403f209c76b7c2afbad00cca C:\Users\P C\AndroidStudioProjects\RestApp\app\build\intermediates\exploded-aar\com.facebook.android\facebook-android-sdk\4.13.2\jars\classes.jar
java_class_path (initial): C:\Android\sdk\build-tools\23.0.2\lib\dx.jar
Launcher Type: SUN_STANDARD

Environment Variables:
JAVA_HOME=C:\Program Files\Java\jdk1.8.0_66
PATH=C:\ProgramData\Oracle\Java\javapath;C:\WINDOWS\system32;C:\WINDOWS;C:\WINDOWS\System32\Wbem;C:\WINDOWS\System32\WindowsPowerShell\v1.0\;C:\Program Files (x86)\ATI Technologies\ATI.ACE\Core-Static;C:\Program Files\Java\jdk1.7.0_80\bin;C:\Program Files (x86)\Skype\Phone\;C:\Program Files\nodejs\;C:\Users\P C\AppData\Roaming\npm
USERNAME=P C
OS=Windows_NT
PROCESSOR_IDENTIFIER=AMD64 Family 21 Model 1 Stepping 2, AuthenticAMD



---------------  S Y S T E M  ---------------

OS: Windows 10.0 , 64 bit Build 10586 (10.0.10586.0)

CPU:total 8 (8 cores per cpu, 1 threads per core) family 21 model 1 stepping 2, cmov, cx8, fxsr, mmx, sse, sse2, sse3, ssse3, sse4.1, sse4.2, popcnt, avx, aes, clmul, mmxext, 3dnowpref, lzcnt, sse4a, tsc, tscinvbit, tscinv

Memory: 4k page, physical 16676424k(1797200k free), swap 67008072k(13256k free)

vm_info: Java HotSpot(TM) 64-Bit Server VM (25.66-b18) for windows-amd64 JRE (1.8.0_66-b18), built on Nov  9 2015 10:51:13 by "java_re" with MS VC++ 10.0 (VS2010)

time: Fri Jul 08 16:06:15 2016
elapsed time: 3 seconds (0d 0h 0m 3s)

